{
  "cells": [
    {
      "cell_type": "markdown",
      "metadata": {
        "id": "RnIKLoBB8bYt"
      },
      "source": [
        "# Parte 1"
      ]
    },
    {
      "cell_type": "markdown",
      "metadata": {
        "id": "kPFfOPTX8fKz"
      },
      "source": [
        "Esta primeira parte do trabalho tem dois objetivos principais. O primeiro é verificar alguns parâmetros do hardware e do software utilizado e o segundo é que os estudantes preparem e se familiarizar com o ambiente do PostgreSQL."
      ]
    },
    {
      "cell_type": "markdown",
      "metadata": {
        "id": "Khm6RSP7_eca"
      },
      "source": [
        "## Tarefa 1 – Identificação do Sistema"
      ]
    },
    {
      "cell_type": "markdown",
      "metadata": {
        "id": "T6U6CzNH_i2F"
      },
      "source": [
        "Identifique o sistema que será usado para os experimentos, incluindo informações sobre o hardware e o Sistema Operacional utilizado. Sobre o tipo de processador, quantidade de memória RAM, tamanho do disco. Devem ser também apresentadas informações sobre as caches existentes. Sobre o Sistema Operacional, que devem ser Linux, incluir informações sobre qual a distribuição usada, versão do sistema, versão do Kernel, etc."
      ]
    },
    {
      "cell_type": "code",
      "execution_count": null,
      "metadata": {
        "colab": {
          "base_uri": "https://localhost:8080/"
        },
        "id": "z8msOOzp90Tz",
        "outputId": "0c99c4e7-dfd2-4acc-dd85-a6be655f5f81"
      },
      "outputs": [],
      "source": [
        "print(\"=== INFORMAÇÕES DO SISTEMA OPERACIONAL ===\")\n",
        "!cat /etc/*release\n",
        "!uname -r\n",
        "\n",
        "print(\"\\n=== INFORMAÇÕES DE CPU E CACHE ===\")\n",
        "!lscpu | grep -iE 'Model name|Socket|Thread|Core|cache|L[1-3]'\n",
        "\n",
        "print(\"\\n=== INFORMAÇÕES DE MEMÓRIA (RAM) ===\")\n",
        "!free -h\n",
        "\n",
        "print(\"\\n=== INFORMAÇÕES DE DISCO (Físico e Lógico) ===\")\n",
        "!lsblk -d -o name,model,size\n",
        "print(\"-\" * 20)\n",
        "!df -h"
      ]
    },
    {
      "cell_type": "code",
      "execution_count": null,
      "metadata": {},
      "outputs": [],
      "source": [
        "!pip install py-cpuinfo"
      ]
    },
    {
      "cell_type": "code",
      "execution_count": 5,
      "metadata": {
        "colab": {
          "base_uri": "https://localhost:8080/"
        },
        "id": "4usIeRjc-s8N",
        "outputId": "65abcd0d-5504-4f9c-f500-a39a88eb40c0"
      },
      "outputs": [
        {
          "name": "stdout",
          "output_type": "stream",
          "text": [
            "======================================== System Information ========================================\n",
            "System: Linux\n",
            "Node Name: DESKTOP-7HG5CHA\n",
            "Release: 6.6.87.2-microsoft-standard-WSL2\n",
            "Version: #1 SMP PREEMPT_DYNAMIC Thu Jun  5 18:30:46 UTC 2025\n",
            "Machine: x86_64\n",
            "Processor: x86_64\n",
            "Processor: Intel(R) Core(TM) i7-7700HQ CPU @ 2.80GHz\n",
            "Ip-Address: 127.0.1.1\n",
            "Mac-Address: 4d:0d:64:05:7a:e5\n",
            "======================================== Boot Time ========================================\n",
            "Boot Time: 2025/11/25 9:58:8\n",
            "======================================== CPU Info ========================================\n",
            "Physical cores: 4\n",
            "Total cores: 8\n",
            "Max Frequency: 0.00Mhz\n",
            "Min Frequency: 0.00Mhz\n",
            "Current Frequency: 2808.00Mhz\n",
            "CPU Usage Per Core:\n",
            "Core 0: 2.0%\n",
            "Core 1: 2.9%\n",
            "Core 2: 2.0%\n",
            "Core 3: 1.0%\n",
            "Core 4: 0.0%\n",
            "Core 5: 1.0%\n",
            "Core 6: 0.0%\n",
            "Core 7: 2.0%\n",
            "Total CPU Usage: 2.3%\n",
            "======================================== Memory Information ========================================\n",
            "Total: 7.69GB\n",
            "Available: 5.56GB\n",
            "Used: 2.14GB\n",
            "Percentage: 27.8%\n",
            "==================== SWAP ====================\n",
            "Total: 2.00GB\n",
            "Free: 2.00GB\n",
            "Used: 0.00B\n",
            "Percentage: 0.0%\n",
            "======================================== Disk Information ========================================\n",
            "Partitions and Usage:\n",
            "=== Device: /dev/sdd ===\n",
            "  Mountpoint: /\n",
            "  File system type: ext4\n",
            "  Total Size: 1006.85GB\n",
            "  Used: 6.14GB\n",
            "  Free: 949.50GB\n",
            "  Percentage: 0.6%\n",
            "=== Device: /dev/sdd ===\n",
            "  Mountpoint: /mnt/wslg/distro\n",
            "  File system type: ext4\n",
            "  Total Size: 1006.85GB\n",
            "  Used: 6.14GB\n",
            "  Free: 949.50GB\n",
            "  Percentage: 0.6%\n",
            "=== Device: /dev/sdd ===\n",
            "  Mountpoint: /snap\n",
            "  File system type: ext4\n",
            "  Total Size: 1006.85GB\n",
            "  Used: 6.14GB\n",
            "  Free: 949.50GB\n",
            "  Percentage: 0.6%\n",
            "Total read: 645.56MB\n",
            "Total write: 27.92MB\n",
            "======================================== Network Information ========================================\n",
            "=== Interface: lo ===\n",
            "  IP Address: 127.0.0.1\n",
            "  Netmask: 255.0.0.0\n",
            "  Broadcast IP: None\n",
            "=== Interface: lo ===\n",
            "=== Interface: lo ===\n",
            "  MAC Address: 00:00:00:00:00:00\n",
            "  Netmask: None\n",
            "  Broadcast MAC: None\n",
            "=== Interface: eth0 ===\n",
            "  IP Address: 172.17.185.191\n",
            "  Netmask: 255.255.240.0\n",
            "  Broadcast IP: 172.17.191.255\n",
            "=== Interface: eth0 ===\n",
            "=== Interface: eth0 ===\n",
            "  MAC Address: 00:15:5d:d9:2b:22\n",
            "  Netmask: None\n",
            "  Broadcast MAC: ff:ff:ff:ff:ff:ff\n",
            "Total Bytes Sent: 29.35MB\n",
            "Total Bytes Received: 29.60MB\n"
          ]
        }
      ],
      "source": [
        "# Source - https://stackoverflow.com/a/70810265\n",
        "# Posted by 24_saurabh sharma\n",
        "# Retrieved 2025-11-22, License - CC BY-SA 4.0\n",
        "\n",
        "import psutil\n",
        "import platform\n",
        "from datetime import datetime\n",
        "import cpuinfo\n",
        "import socket\n",
        "import uuid\n",
        "import re\n",
        "\n",
        "\n",
        "def get_size(bytes, suffix=\"B\"):\n",
        "    \"\"\"\n",
        "    Scale bytes to its proper format\n",
        "    e.g:\n",
        "        1253656 => '1.20MB'\n",
        "        1253656678 => '1.17GB'\n",
        "    \"\"\"\n",
        "    factor = 1024\n",
        "    for unit in [\"\", \"K\", \"M\", \"G\", \"T\", \"P\"]:\n",
        "        if bytes < factor:\n",
        "            return f\"{bytes:.2f}{unit}{suffix}\"\n",
        "        bytes /= factor\n",
        "\n",
        "def System_information():\n",
        "    print(\"=\"*40, \"System Information\", \"=\"*40)\n",
        "    uname = platform.uname()\n",
        "    print(f\"System: {uname.system}\")\n",
        "    print(f\"Node Name: {uname.node}\")\n",
        "    print(f\"Release: {uname.release}\")\n",
        "    print(f\"Version: {uname.version}\")\n",
        "    print(f\"Machine: {uname.machine}\")\n",
        "    print(f\"Processor: {uname.processor}\")\n",
        "    print(f\"Processor: {cpuinfo.get_cpu_info()['brand_raw']}\")\n",
        "    print(f\"Ip-Address: {socket.gethostbyname(socket.gethostname())}\")\n",
        "    print(f\"Mac-Address: {':'.join(re.findall('..', '%012x' % uuid.getnode()))}\")\n",
        "\n",
        "\n",
        "    # Boot Time\n",
        "    print(\"=\"*40, \"Boot Time\", \"=\"*40)\n",
        "    boot_time_timestamp = psutil.boot_time()\n",
        "    bt = datetime.fromtimestamp(boot_time_timestamp)\n",
        "    print(f\"Boot Time: {bt.year}/{bt.month}/{bt.day} {bt.hour}:{bt.minute}:{bt.second}\")\n",
        "\n",
        "\n",
        "    # print CPU information\n",
        "    print(\"=\"*40, \"CPU Info\", \"=\"*40)\n",
        "    # number of cores\n",
        "    print(\"Physical cores:\", psutil.cpu_count(logical=False))\n",
        "    print(\"Total cores:\", psutil.cpu_count(logical=True))\n",
        "    # CPU frequencies\n",
        "    cpufreq = psutil.cpu_freq()\n",
        "    print(f\"Max Frequency: {cpufreq.max:.2f}Mhz\")\n",
        "    print(f\"Min Frequency: {cpufreq.min:.2f}Mhz\")\n",
        "    print(f\"Current Frequency: {cpufreq.current:.2f}Mhz\")\n",
        "    # CPU usage\n",
        "    print(\"CPU Usage Per Core:\")\n",
        "    for i, percentage in enumerate(psutil.cpu_percent(percpu=True, interval=1)):\n",
        "        print(f\"Core {i}: {percentage}%\")\n",
        "    print(f\"Total CPU Usage: {psutil.cpu_percent()}%\")\n",
        "\n",
        "\n",
        "    # Memory Information\n",
        "    print(\"=\"*40, \"Memory Information\", \"=\"*40)\n",
        "    # get the memory details\n",
        "    svmem = psutil.virtual_memory()\n",
        "    print(f\"Total: {get_size(svmem.total)}\")\n",
        "    print(f\"Available: {get_size(svmem.available)}\")\n",
        "    print(f\"Used: {get_size(svmem.used)}\")\n",
        "    print(f\"Percentage: {svmem.percent}%\")\n",
        "\n",
        "\n",
        "\n",
        "    print(\"=\"*20, \"SWAP\", \"=\"*20)\n",
        "    # get the swap memory details (if exists)\n",
        "    swap = psutil.swap_memory()\n",
        "    print(f\"Total: {get_size(swap.total)}\")\n",
        "    print(f\"Free: {get_size(swap.free)}\")\n",
        "    print(f\"Used: {get_size(swap.used)}\")\n",
        "    print(f\"Percentage: {swap.percent}%\")\n",
        "\n",
        "\n",
        "\n",
        "    # Disk Information\n",
        "    print(\"=\"*40, \"Disk Information\", \"=\"*40)\n",
        "    print(\"Partitions and Usage:\")\n",
        "    # get all disk partitions\n",
        "    partitions = psutil.disk_partitions()\n",
        "    for partition in partitions:\n",
        "        print(f\"=== Device: {partition.device} ===\")\n",
        "        print(f\"  Mountpoint: {partition.mountpoint}\")\n",
        "        print(f\"  File system type: {partition.fstype}\")\n",
        "        try:\n",
        "            partition_usage = psutil.disk_usage(partition.mountpoint)\n",
        "        except PermissionError:\n",
        "            # this can be catched due to the disk that\n",
        "            # isn't ready\n",
        "            continue\n",
        "        print(f\"  Total Size: {get_size(partition_usage.total)}\")\n",
        "        print(f\"  Used: {get_size(partition_usage.used)}\")\n",
        "        print(f\"  Free: {get_size(partition_usage.free)}\")\n",
        "        print(f\"  Percentage: {partition_usage.percent}%\")\n",
        "    # get IO statistics since boot\n",
        "    disk_io = psutil.disk_io_counters()\n",
        "    print(f\"Total read: {get_size(disk_io.read_bytes)}\")\n",
        "    print(f\"Total write: {get_size(disk_io.write_bytes)}\")\n",
        "\n",
        "    ## Network information\n",
        "    print(\"=\"*40, \"Network Information\", \"=\"*40)\n",
        "    ## get all network interfaces (virtual and physical)\n",
        "    if_addrs = psutil.net_if_addrs()\n",
        "    for interface_name, interface_addresses in if_addrs.items():\n",
        "        for address in interface_addresses:\n",
        "            print(f\"=== Interface: {interface_name} ===\")\n",
        "            if str(address.family) == 'AddressFamily.AF_INET':\n",
        "                print(f\"  IP Address: {address.address}\")\n",
        "                print(f\"  Netmask: {address.netmask}\")\n",
        "                print(f\"  Broadcast IP: {address.broadcast}\")\n",
        "            elif str(address.family) == 'AddressFamily.AF_PACKET':\n",
        "                print(f\"  MAC Address: {address.address}\")\n",
        "                print(f\"  Netmask: {address.netmask}\")\n",
        "                print(f\"  Broadcast MAC: {address.broadcast}\")\n",
        "    ##get IO statistics since boot\n",
        "    net_io = psutil.net_io_counters()\n",
        "    print(f\"Total Bytes Sent: {get_size(net_io.bytes_sent)}\")\n",
        "    print(f\"Total Bytes Received: {get_size(net_io.bytes_recv)}\")\n",
        "\n",
        "\n",
        "if __name__ == \"__main__\":\n",
        "\n",
        "    System_information()\n"
      ]
    },
    {
      "cell_type": "markdown",
      "metadata": {
        "id": "IcTYCLVw_wlh"
      },
      "source": [
        "## Tarefa 2 - Verificação de parâmetros de armazenamento"
      ]
    },
    {
      "cell_type": "markdown",
      "metadata": {
        "id": "cz2QibT6_1II"
      },
      "source": [
        "a) Identifique o modelo exato do disco utilizado nos experimentos (sem uso de sudo) e, a partir da documentação técnica do fabricante (datasheet ou site oficial), registre os seguintes parâmetros: \n",
        "\n",
        "- Número de superfícies (se disponível);\n",
        "- Cilindros;\n",
        "- Setores por trilha (se disponível);\n",
        "- Velocidade de rotação;\n",
        "- Latência rotacional;\n",
        "- Tempos de seek:\n",
        "    - Médio;\n",
        "    - Máximo;\n",
        "    - Mínimo.\n",
        "- Tempo para a próxima trilha;\n",
        "- Taxa de transferência. \n",
        "\n",
        "Apresente no notebook:\n",
        "\n",
        "- O comando utilizado para obter o modelo do disco no Linux;\n",
        "- O modelo encontrado.\n",
        "- Os valores extraídos do datasheet (com a referência da fonte)."
      ]
    },
    {
      "cell_type": "code",
      "execution_count": null,
      "metadata": {},
      "outputs": [
        {
          "name": "stdout",
          "output_type": "stream",
          "text": [
            "=== COMANDO UTILIZADO ===\n",
            "!lsblk -d -o name,model,rota,size,type\n",
            "\n",
            "=== SAÍDA DO COMANDO ===\n",
            "NAME MODEL        ROTA   SIZE TYPE\n",
            "sda  Virtual Disk    1 388.4M disk\n",
            "sdb  Virtual Disk    1   186M disk\n",
            "sdc  Virtual Disk    1     2G disk\n",
            "sdd  Virtual Disk    1     1T disk\n"
          ]
        }
      ],
      "source": [
        "print(\"=== COMANDO UTILIZADO ===\")\n",
        "print(\"!lsblk -d -o name,model,rota,size,type\")\n",
        "print(\"\\n=== SAÍDA DO COMANDO ===\")\n",
        "# -d: evita mostrar partições\n",
        "# -o: escolhe as colunas nome, modelo, rotação, tamanho\n",
        "# rota: 1 = HDD, 0 = SSD\n",
        "!lsblk -d -o name,model,rota,size,type"
      ]
    },
    {
      "cell_type": "markdown",
      "metadata": {
        "id": "9eK5as6X_viq"
      },
      "source": [
        "b) Utilizando o comando “stat” do Linux, verifique os parâmetros dos parâmetros de S.O. que serão utilizados para o disco."
      ]
    },
    {
      "cell_type": "code",
      "execution_count": 10,
      "metadata": {
        "colab": {
          "base_uri": "https://localhost:8080/"
        },
        "id": "h97zCzBMACQA",
        "outputId": "79fc77ee-9eed-4f92-d05c-32dc39f93819"
      },
      "outputs": [
        {
          "name": "stdout",
          "output_type": "stream",
          "text": [
            "=== DETALHES DO DIRETÓRIO ATUAL ===\n",
            "  File: .\n",
            "  Size: 4096      \tBlocks: 0          IO Block: 4096   directory\n",
            "Device: 44h/68d\tInode: 5348024558730164  Links: 1\n",
            "Access: (0777/drwxrwxrwx)  Uid: ( 1000/     art)   Gid: ( 1000/     art)\n",
            "Access: 2025-11-25 11:03:28.786871200 -0400\n",
            "Modify: 2025-11-24 15:46:20.890348700 -0400\n",
            "Change: 2025-11-24 15:46:20.890348700 -0400\n",
            " Birth: -\n"
          ]
        },
        {
          "name": "stdout",
          "output_type": "stream",
          "text": [
            "\n",
            "=== DETALHES DO SISTEMA DE ARQUIVOS ===\n",
            "  File: \".\"\n",
            "    ID: 100000000 Namelen: 255     Type: v9fs\n",
            "Block size: 4096       Fundamental block size: 4096\n",
            "Blocks: Total: 249887898  Free: 110699736  Available: 110699736\n",
            "Inodes: Total: 999        Free: 1000000\n"
          ]
        }
      ],
      "source": [
        "print(\"=== DETALHES DO DIRETÓRIO ATUAL ===\")\n",
        "!stat .\n",
        "\n",
        "print(\"\\n=== DETALHES DO SISTEMA DE ARQUIVOS ===\")\n",
        "!stat -f ."
      ]
    },
    {
      "cell_type": "markdown",
      "metadata": {
        "id": "MpJz4-7bADrl"
      },
      "source": [
        "c) Verifique o tamanho de bloco utilizado e mostre como alterar o tamanho dos blocos"
      ]
    },
    {
      "cell_type": "code",
      "execution_count": 12,
      "metadata": {
        "colab": {
          "base_uri": "https://localhost:8080/"
        },
        "id": "B8e0OJdJAGti",
        "outputId": "972acb2c-c455-4cf2-b229-ce7e146e0af1"
      },
      "outputs": [
        {
          "name": "stdout",
          "output_type": "stream",
          "text": [
            "=== 1. VERIFICAÇÃO DO TAMANHO DE BLOCO ATUAL ===\n",
            "blockdev: cannot open C:\\: No such file or directory\n"
          ]
        }
      ],
      "source": [
        "print(\"=== 1. VERIFICAÇÃO DO TAMANHO DE BLOCO ATUAL ===\")\n",
        "# Obtém o dispositivo atual e pede ao blockdev o tamanho do bloco (Block Size)\n",
        "!blockdev --getbsz $(df . --output=source | sed 1d)"
      ]
    },
    {
      "cell_type": "markdown",
      "metadata": {},
      "source": [
        "Para alterar o tamanho do bloco, é necessário reformatar a partição.\n",
        "\n",
        "O comando abaixo exemplifica a formatação de uma partição definindo um tamanho de bloco de 4096 bytes:\n",
        "\n",
        "``$ sudo mkfs.ext4 -b 4096 /dev/sdb1``\n",
        "\n",
        "Contudo, este comando apagaria todos os dados da partição alvo."
      ]
    },
    {
      "cell_type": "markdown",
      "metadata": {
        "id": "mT1BHf_bQztj"
      },
      "source": [
        "Referências para fazer essa questão:\n",
        "\n",
        "- https://unix.stackexchange.com/questions/145241/how-to-set-block-size-using-blockdev-command\n",
        "- https://askubuntu.com/questions/1372387/resize-blocks-of-linux-filesystem\n",
        "- https://stackoverflow.com/questions/67088392/how-to-change-block-size-on-xfs"
      ]
    },
    {
      "cell_type": "markdown",
      "metadata": {
        "id": "4HOplr7RAfYx"
      },
      "source": [
        "## Tarefa 3 – Geração de um BD para testes"
      ]
    },
    {
      "cell_type": "markdown",
      "metadata": {
        "id": "XaifV9asAgtW"
      },
      "source": [
        "  Essa tarefa consiste na criação de banco de dados e povoamento destas tabelas com dados sintéticos. Para a definição do esquema das tabelas e os dados a serem carregados usaremos a especificação e os utilitários fornecidos pelos [Benchmark TPC-H](http://www.tpc.org/tpch/).\n",
        "  \n",
        "  Para geração do BD no PostgreSQL, siga as instruções disponíveis em https://github.com/foliveirafilho/tpch-pgsql."
      ]
    },
    {
      "cell_type": "markdown",
      "metadata": {},
      "source": [
        "### Comandos de setup de ambiente"
      ]
    },
    {
      "cell_type": "code",
      "execution_count": null,
      "metadata": {},
      "outputs": [],
      "source": [
        "!sudo apt update"
      ]
    },
    {
      "cell_type": "code",
      "execution_count": null,
      "metadata": {},
      "outputs": [],
      "source": [
        "!sudo apt install -y python3 python3-pip build-essential unzip postgresql postgresql-contrib libpq-dev"
      ]
    },
    {
      "cell_type": "code",
      "execution_count": null,
      "metadata": {},
      "outputs": [],
      "source": [
        "!pip install jupyter ipython pandas psycopg2 sqlalchemy matplotlib"
      ]
    },
    {
      "cell_type": "code",
      "execution_count": null,
      "metadata": {},
      "outputs": [],
      "source": [
        "!python3-venv\n",
        "!source venv/bin/activate"
      ]
    },
    {
      "cell_type": "code",
      "execution_count": null,
      "metadata": {},
      "outputs": [],
      "source": [
        "!service postgresql start"
      ]
    },
    {
      "cell_type": "code",
      "execution_count": null,
      "metadata": {},
      "outputs": [],
      "source": [
        "# Comando pra configurar usuário do postgree\n",
        "!sudo -u postgres psql"
      ]
    },
    {
      "cell_type": "code",
      "execution_count": null,
      "metadata": {},
      "outputs": [],
      "source": [
        "CREATE USER icomp WITH ENCRYPTED PASSWORD 'icomp123';\n",
        "CREATE DATABASE icomp;\n",
        "GRANT ALL PRIVILEGES ON DATABASE icomp TO icomp;\n",
        "ALTER DATABASE icomp OWNER TO icomp;\n",
        "\\q"
      ]
    },
    {
      "cell_type": "markdown",
      "metadata": {
        "id": "_oFa2SW_UBsj"
      },
      "source": [
        "### Construindo o tpch-dbgen\n"
      ]
    },
    {
      "cell_type": "code",
      "execution_count": null,
      "metadata": {
        "colab": {
          "base_uri": "https://localhost:8080/"
        },
        "id": "m-tOlgljcyDA",
        "outputId": "4b745ab4-bbc7-4b43-b63b-e7193fd030c6"
      },
      "outputs": [],
      "source": [
        "!git clone https://github.com/foliveirafilho/tpch-pgsql.git\n",
        "%cd tpch-pgsql\n",
        "\n",
        "!wget -q https://github.com/electrum/tpch-dbgen/archive/32f1c1b92d1664dba542e927d23d86ffa57aa253.zip -O tpch-dbgen.zip\n",
        "!unzip -q tpch-dbgen.zip && mv tpch-dbgen-32f1c1b92d1664dba542e927d23d86ffa57aa253 tpch-dbgen && rm tpch-dbgen.zip\n",
        "\n",
        "!pip3 install -r requirements.txt"
      ]
    },
    {
      "cell_type": "code",
      "execution_count": null,
      "metadata": {},
      "outputs": [],
      "source": [
        "# Prepara os dados\n",
        "!python3 tpch_pgsql.py --host localhost --username icomp --password icomp123 --dbname icomp --dbgen-dir ./tpch-dbgen --scale 1 prepare"
      ]
    },
    {
      "cell_type": "code",
      "execution_count": null,
      "metadata": {},
      "outputs": [],
      "source": [
        "# Carrega os dados\n",
        "!python3 tpch_pgsql.py --host localhost --username icomp --password icomp123 --dbname icomp --dbgen-dir ./tpch-dbgen --scale 1 load"
      ]
    },
    {
      "cell_type": "code",
      "execution_count": null,
      "metadata": {},
      "outputs": [],
      "source": [
        "# Comando de teste\n",
        "!PGPASSWORD=icomp123 psql -h localhost -U icomp -d icomp -c \"SELECT count(*) FROM lineitem;\""
      ]
    },
    {
      "cell_type": "markdown",
      "metadata": {
        "id": "T1h9FohNBM9i"
      },
      "source": [
        "## Tarefa 4 – Execução de consultas"
      ]
    },
    {
      "cell_type": "markdown",
      "metadata": {
        "id": "Qtjm2IecBQxH"
      },
      "source": [
        "A segunda tarefa deste trabalho consiste em executar e analisar um conjunto de consultas analíticas do benchmark TPC-H sobre o banco de dados gerado na Tarefa 1, observando o comportamento do PostgreSQL em diferentes tipos de operações (filtros, junções, agregações e ordenações). O objetivo é compreender como o otimizador escolhe planos de execução e medir o tempo de resposta de consultas típicas de um sistema de apoio à decisão.\n",
        "\n",
        "O TPC-H define 22 consultas padronizadas (Q1 a Q22), mas para este trabalho será utilizado um subconjunto representativo composto por 8 consultas que abrangem diferentes padrões de acesso.\n",
        "\n",
        "Consultas a executar: Q1, Q3, Q5, Q6, Q7, Q9, Q10 e Q12. As consultas originais podem ser obtidos no repositório oficial do benchmark. Essas consultas devem ser executadas no mesmo banco TPC-H criado na Tarefa 1, utilizando o PostgreSQL.\n",
        "\n",
        "Para cada consulta:\n",
        "\n",
        "- Execute o comando SQL completo no PostgreSQL.\n",
        "- Mostre as 10 primeiras linhas do resultado (ou um trecho representativo).\n",
        "- Execute o comando EXPLAIN ANALYZE antes da consulta para exibir o plano de execução e o tempo real medido O comando EXPLAIN ANALYZE mostra as etapas internas do plano escolhido pelo otimizador, o número de linhas processadas e o tempo de cada operação.\n",
        "- Registre o tempo total de execução e comente brevemente o tipo de acesso observado (por exemplo, varredura sequencial, uso de índice, junções em hash, etc.)."
      ]
    },
    {
      "cell_type": "markdown",
      "metadata": {},
      "source": [
        "### Consultas SQL"
      ]
    },
    {
      "cell_type": "code",
      "execution_count": 36,
      "metadata": {
        "id": "ajz387c_BRQi"
      },
      "outputs": [],
      "source": [
        "sql_q1 = \"\"\"\n",
        "select\n",
        "    l_returnflag,\n",
        "    l_linestatus,\n",
        "    sum(l_quantity) as sum_qty,\n",
        "    sum(l_extendedprice) as sum_base_price,\n",
        "    sum(l_extendedprice * (1 - l_discount)) as sum_disc_price,\n",
        "    sum(l_extendedprice * (1 - l_discount) * (1 + l_tax)) as sum_charge,\n",
        "    avg(l_quantity) as avg_qty,\n",
        "    avg(l_extendedprice) as avg_price,\n",
        "    avg(l_discount) as avg_disc,\n",
        "    count(*) as count_order\n",
        "from\n",
        "    lineitem\n",
        "where\n",
        "    l_shipdate <= date('1998-12-01') - interval '90' day\n",
        "group by\n",
        "    l_returnflag,\n",
        "    l_linestatus\n",
        "order by\n",
        "    l_returnflag,\n",
        "    l_linestatus;\n",
        "\"\"\"\n",
        "\n",
        "sql_q3 = \"\"\"\n",
        "select\n",
        "    l_orderkey,\n",
        "    sum(l_extendedprice * (1 - l_discount)) as revenue,\n",
        "    o_orderdate,\n",
        "    o_shippriority\n",
        "from\n",
        "    customer,\n",
        "    orders,\n",
        "    lineitem\n",
        "where\n",
        "    c_mktsegment = 'BUILDING'\n",
        "    and c_custkey = o_custkey\n",
        "    and l_orderkey = o_orderkey\n",
        "    and o_orderdate < date('1995-03-15')\n",
        "    and l_shipdate > date('1995-03-15')\n",
        "group by\n",
        "    l_orderkey,\n",
        "    o_orderdate,\n",
        "    o_shippriority\n",
        "order by\n",
        "    revenue desc,\n",
        "    o_orderdate\n",
        "limit 10;\n",
        "\"\"\"\n",
        "\n",
        "sql_q5 = \"\"\"\n",
        "select\n",
        "    n_name,\n",
        "    sum(l_extendedprice * (1 - l_discount)) as revenue\n",
        "from\n",
        "    customer,\n",
        "    orders,\n",
        "    lineitem,\n",
        "    supplier,\n",
        "    nation,\n",
        "    region\n",
        "where\n",
        "    c_custkey = o_custkey\n",
        "    and l_orderkey = o_orderkey\n",
        "    and l_suppkey = s_suppkey\n",
        "    and c_nationkey = s_nationkey\n",
        "    and s_nationkey = n_nationkey\n",
        "    and n_regionkey = r_regionkey\n",
        "    and r_name = 'ASIA'\n",
        "    and o_orderdate >= date('1994-01-01')\n",
        "    and o_orderdate < date('1994-01-01') + interval '1' year\n",
        "group by\n",
        "    n_name\n",
        "order by\n",
        "    revenue desc;\n",
        "\"\"\"\n",
        "\n",
        "sql_q6 = \"\"\"\n",
        "select\n",
        "    sum(l_extendedprice * l_discount) as revenue\n",
        "from\n",
        "    lineitem\n",
        "where\n",
        "    l_shipdate >= date('1994-01-01')\n",
        "    and l_shipdate < date('1994-01-01') + interval '1' year\n",
        "    and l_discount between 0.06 - 0.01 and 0.06 + 0.01\n",
        "    and l_quantity < 24;\n",
        "\"\"\"\n",
        "\n",
        "sql_q7 = \"\"\"\n",
        "select\n",
        "    supp_nation,\n",
        "    cust_nation,\n",
        "    l_year,\n",
        "    sum(volume) as revenue\n",
        "from\n",
        "    (\n",
        "        select\n",
        "            n1.n_name as supp_nation,\n",
        "            n2.n_name as cust_nation,\n",
        "            extract(year from l_shipdate) as l_year,\n",
        "            l_extendedprice * (1 - l_discount) as volume\n",
        "        from\n",
        "            supplier,\n",
        "            lineitem,\n",
        "            orders,\n",
        "            customer,\n",
        "            nation n1,\n",
        "            nation n2\n",
        "        where\n",
        "            s_suppkey = l_suppkey\n",
        "            and o_orderkey = l_orderkey\n",
        "            and c_custkey = o_custkey\n",
        "            and s_nationkey = n1.n_nationkey\n",
        "            and c_nationkey = n2.n_nationkey\n",
        "            and (\n",
        "                (n1.n_name = 'FRANCE' and n2.n_name = 'GERMANY')\n",
        "                or (n1.n_name = 'GERMANY' and n2.n_name = 'FRANCE')\n",
        "            )\n",
        "            and l_shipdate between date('1995-01-01') and date('1996-12-31')\n",
        "    ) as shipping\n",
        "group by\n",
        "    supp_nation,\n",
        "    cust_nation,\n",
        "    l_year\n",
        "order by\n",
        "    supp_nation,\n",
        "    cust_nation,\n",
        "    l_year;\n",
        "\"\"\"\n",
        "\n",
        "sql_q9 = \"\"\"\n",
        "select\n",
        "    nation,\n",
        "    o_year,\n",
        "    sum(amount) as sum_profit\n",
        "from\n",
        "    (\n",
        "        select\n",
        "            n_name as nation,\n",
        "            extract(year from o_orderdate) as o_year,\n",
        "            l_extendedprice * (1 - l_discount) - ps_supplycost * l_quantity as amount\n",
        "        from\n",
        "            part,\n",
        "            supplier,\n",
        "            lineitem,\n",
        "            partsupp,\n",
        "            orders,\n",
        "            nation\n",
        "        where\n",
        "            s_suppkey = l_suppkey\n",
        "            and ps_suppkey = l_suppkey\n",
        "            and ps_partkey = l_partkey\n",
        "            and p_partkey = l_partkey\n",
        "            and o_orderkey = l_orderkey\n",
        "            and s_nationkey = n_nationkey\n",
        "            and p_name like '%green%'\n",
        "    ) as profit\n",
        "group by\n",
        "    nation,\n",
        "    o_year\n",
        "order by\n",
        "    nation,\n",
        "    o_year desc;\n",
        "\"\"\"\n",
        "\n",
        "sql_q10 = \"\"\"\n",
        "select\n",
        "    c_custkey,\n",
        "    c_name,\n",
        "    sum(l_extendedprice * (1 - l_discount)) as revenue,\n",
        "    c_acctbal,\n",
        "    n_name,\n",
        "    c_address,\n",
        "    c_phone,\n",
        "    c_comment\n",
        "from\n",
        "    customer,\n",
        "    orders,\n",
        "    lineitem,\n",
        "    nation\n",
        "where\n",
        "    c_custkey = o_custkey\n",
        "    and l_orderkey = o_orderkey\n",
        "    and o_orderdate >= date('1993-10-01')\n",
        "    and o_orderdate < date('1993-10-01') + interval '3' month\n",
        "    and l_returnflag = 'R'\n",
        "    and c_nationkey = n_nationkey\n",
        "group by\n",
        "    c_custkey,\n",
        "    c_name,\n",
        "    c_acctbal,\n",
        "    c_phone,\n",
        "    n_name,\n",
        "    c_address,\n",
        "    c_comment\n",
        "order by\n",
        "    revenue desc\n",
        "limit 20;\n",
        "\"\"\"\n",
        "\n",
        "sql_q12 = \"\"\"\n",
        "select\n",
        "    l_shipmode,\n",
        "    sum(case\n",
        "        when o_orderpriority = '1-URGENT'\n",
        "            or o_orderpriority = '2-HIGH'\n",
        "            then 1\n",
        "        else 0\n",
        "    end) as high_line_count,\n",
        "    sum(case\n",
        "        when o_orderpriority <> '1-URGENT'\n",
        "            and o_orderpriority <> '2-HIGH'\n",
        "            then 1\n",
        "        else 0\n",
        "    end) as low_line_count\n",
        "from\n",
        "    orders,\n",
        "    lineitem\n",
        "where\n",
        "    o_orderkey = l_orderkey\n",
        "    and l_shipmode in ('MAIL', 'SHIP')\n",
        "    and l_commitdate < l_receiptdate\n",
        "    and l_shipdate < l_commitdate\n",
        "    and l_receiptdate >= date('1994-01-01')\n",
        "    and l_receiptdate < date('1994-01-01') + interval '1' year\n",
        "group by\n",
        "    l_shipmode\n",
        "order by\n",
        "    l_shipmode;\n",
        "\"\"\""
      ]
    },
    {
      "cell_type": "markdown",
      "metadata": {},
      "source": [
        "### Função de consulta"
      ]
    },
    {
      "cell_type": "code",
      "execution_count": null,
      "metadata": {},
      "outputs": [],
      "source": [
        "!pip install pandas"
      ]
    },
    {
      "cell_type": "code",
      "execution_count": null,
      "metadata": {},
      "outputs": [],
      "source": [
        "import pandas as pd\n",
        "import psycopg2"
      ]
    },
    {
      "cell_type": "code",
      "execution_count": null,
      "metadata": {},
      "outputs": [],
      "source": [
        "def consultas_tarefa_4(query, limit=10, analyze=True):\n",
        "\n",
        "    try:\n",
        "        conn = psycopg2.connect(host=\"localhost\", database=\"icomp\", user=\"icomp\", password=\"icomp123\")\n",
        "        cursor = conn.cursor()\n",
        "        \n",
        "        # --- PASSO 1: EXECUTAR E EXIBIR O EXPLAIN ANALYZE ---\n",
        "        if analyze:\n",
        "            \n",
        "            print(\"=== PLANO DE EXECUÇÃO E TEMPO (EXPLAIN ANALYZE) ===\")\n",
        "            explain_query = f\"EXPLAIN ANALYZE {query}\"\n",
        "            cursor.execute(explain_query)\n",
        "            \n",
        "            plan_rows = cursor.fetchall()\n",
        "            \n",
        "            for row in plan_rows:\n",
        "                print(row[0])\n",
        "                \n",
        "            print(\"\\n\" + \"=\"*50 + \"\\n\")\n",
        "\n",
        "        # --- PASSO 2: EXECUTAR A CONSULTA PARA OS DADOS ---\n",
        "        cursor.execute(query)\n",
        "        \n",
        "        colunas = [desc[0] for desc in cursor.description]\n",
        "        \n",
        "        data = cursor.fetchmany(limit)\n",
        "        \n",
        "        cursor.close()\n",
        "        conn.close()\n",
        "\n",
        "        print(f\"=== RESULTADO DA CONSULTA ({limit} PRIMEIRAS LINHAS) ===\")\n",
        "        df = pd.DataFrame(data, columns=colunas)\n",
        "        \n",
        "        return df\n",
        "\n",
        "    except Exception as e:\n",
        "        print(f\"Erro: {e}\")\n",
        "        return None"
      ]
    },
    {
      "cell_type": "markdown",
      "metadata": {},
      "source": [
        "### Consultas e análises"
      ]
    },
    {
      "cell_type": "markdown",
      "metadata": {},
      "source": [
        "#### Dicionário importante:\n",
        "\n",
        "Partial HashAggregate: Quando tem algum paralelismo (diversos workers), um worker recebe uma carga de trabalho e repassa apenas um resumo dos seus dados. Por exemplo, ele recebe uma tabela de 500 pessoas, e devolve apenas o total de salário das 500 pessoas.\n",
        "\n",
        "Gather merge: Momento em que o processo principal recolhe resultados feitos por processos em paralelo (diversos workers) e os junta de uma forma que mantenha o resultado ordenado.\n",
        "\n",
        "Gather: Processo principal recolhe os resultados dos procesos paralelos e apenas amontoa, sem tentar manter ordenação no resultado funal.\n",
        "\n",
        "Finalize GroupAggregate: Pega os resultados parciais e processa eles. Por exemplo, cada worker acha um valor, o processo principal os junta e retorna um valor."
      ]
    },
    {
      "cell_type": "markdown",
      "metadata": {},
      "source": [
        "#### Query 1"
      ]
    },
    {
      "cell_type": "code",
      "execution_count": 28,
      "metadata": {},
      "outputs": [
        {
          "name": "stdout",
          "output_type": "stream",
          "text": [
            "=== PLANO DE EXECUÇÃO E TEMPO (EXPLAIN ANALYZE) ===\n",
            "Finalize GroupAggregate  (cost=231133.88..231135.84 rows=6 width=236) (actual time=3125.279..3131.455 rows=4 loops=1)\n",
            "  Group Key: l_returnflag, l_linestatus\n",
            "  ->  Gather Merge  (cost=231133.88..231135.28 rows=12 width=236) (actual time=3125.104..3131.224 rows=12 loops=1)\n",
            "        Workers Planned: 2\n",
            "        Workers Launched: 2\n",
            "        ->  Sort  (cost=230133.86..230133.87 rows=6 width=236) (actual time=3100.206..3100.208 rows=4 loops=3)\n",
            "              Sort Key: l_returnflag, l_linestatus\n",
            "              Sort Method: quicksort  Memory: 27kB\n",
            "              Worker 0:  Sort Method: quicksort  Memory: 27kB\n",
            "              Worker 1:  Sort Method: quicksort  Memory: 27kB\n",
            "              ->  Partial HashAggregate  (cost=230133.65..230133.78 rows=6 width=236) (actual time=3100.147..3100.156 rows=4 loops=3)\n",
            "                    Group Key: l_returnflag, l_linestatus\n",
            "                    Batches: 1  Memory Usage: 32kB\n",
            "                    Worker 0:  Batches: 1  Memory Usage: 32kB\n",
            "                    Worker 1:  Batches: 1  Memory Usage: 32kB\n",
            "                    ->  Parallel Seq Scan on lineitem  (cost=0.00..143760.79 rows=2467796 width=25) (actual time=22.853..539.975 rows=1972197 loops=3)\n",
            "                          Filter: (l_shipdate <= '1998-09-02 00:00:00'::timestamp without time zone)\n",
            "                          Rows Removed by Filter: 28208\n",
            "Planning Time: 50.762 ms\n",
            "JIT:\n",
            "  Functions: 27\n",
            "  Options: Inlining false, Optimization false, Expressions true, Deforming true\n",
            "  Timing: Generation 9.508 ms, Inlining 0.000 ms, Optimization 2.279 ms, Emission 66.233 ms, Total 78.020 ms\n",
            "Execution Time: 3173.664 ms\n",
            "\n",
            "==================================================\n",
            "\n",
            "=== RESULTADO DA CONSULTA (10 PRIMEIRAS LINHAS) ===\n"
          ]
        },
        {
          "data": {
            "text/html": [
              "<div>\n",
              "<style scoped>\n",
              "    .dataframe tbody tr th:only-of-type {\n",
              "        vertical-align: middle;\n",
              "    }\n",
              "\n",
              "    .dataframe tbody tr th {\n",
              "        vertical-align: top;\n",
              "    }\n",
              "\n",
              "    .dataframe thead th {\n",
              "        text-align: right;\n",
              "    }\n",
              "</style>\n",
              "<table border=\"1\" class=\"dataframe\">\n",
              "  <thead>\n",
              "    <tr style=\"text-align: right;\">\n",
              "      <th></th>\n",
              "      <th>l_returnflag</th>\n",
              "      <th>l_linestatus</th>\n",
              "      <th>sum_qty</th>\n",
              "      <th>sum_base_price</th>\n",
              "      <th>sum_disc_price</th>\n",
              "      <th>sum_charge</th>\n",
              "      <th>avg_qty</th>\n",
              "      <th>avg_price</th>\n",
              "      <th>avg_disc</th>\n",
              "      <th>count_order</th>\n",
              "    </tr>\n",
              "  </thead>\n",
              "  <tbody>\n",
              "    <tr>\n",
              "      <th>0</th>\n",
              "      <td>A</td>\n",
              "      <td>F</td>\n",
              "      <td>37734107</td>\n",
              "      <td>56586554400.73</td>\n",
              "      <td>53758257134.8700</td>\n",
              "      <td>55909065222.827692</td>\n",
              "      <td>25.5220058532573370</td>\n",
              "      <td>38273.129734621672</td>\n",
              "      <td>0.04998529583839761162</td>\n",
              "      <td>1478493</td>\n",
              "    </tr>\n",
              "    <tr>\n",
              "      <th>1</th>\n",
              "      <td>N</td>\n",
              "      <td>F</td>\n",
              "      <td>991417</td>\n",
              "      <td>1487504710.38</td>\n",
              "      <td>1413082168.0541</td>\n",
              "      <td>1469649223.194375</td>\n",
              "      <td>25.5164719205229835</td>\n",
              "      <td>38284.467760848304</td>\n",
              "      <td>0.05009342667421629691</td>\n",
              "      <td>38854</td>\n",
              "    </tr>\n",
              "    <tr>\n",
              "      <th>2</th>\n",
              "      <td>N</td>\n",
              "      <td>O</td>\n",
              "      <td>74476040</td>\n",
              "      <td>111701729697.74</td>\n",
              "      <td>106118230307.6056</td>\n",
              "      <td>110367043872.497010</td>\n",
              "      <td>25.5022267695849915</td>\n",
              "      <td>38249.117988908270</td>\n",
              "      <td>0.04999658605370408037</td>\n",
              "      <td>2920374</td>\n",
              "    </tr>\n",
              "    <tr>\n",
              "      <th>3</th>\n",
              "      <td>R</td>\n",
              "      <td>F</td>\n",
              "      <td>37719753</td>\n",
              "      <td>56568041380.90</td>\n",
              "      <td>53741292684.6040</td>\n",
              "      <td>55889619119.831932</td>\n",
              "      <td>25.5057936126907707</td>\n",
              "      <td>38250.854626099657</td>\n",
              "      <td>0.05000940583012705647</td>\n",
              "      <td>1478870</td>\n",
              "    </tr>\n",
              "  </tbody>\n",
              "</table>\n",
              "</div>"
            ],
            "text/plain": [
              "  l_returnflag l_linestatus   sum_qty   sum_base_price     sum_disc_price  \\\n",
              "0            A            F  37734107   56586554400.73   53758257134.8700   \n",
              "1            N            F    991417    1487504710.38    1413082168.0541   \n",
              "2            N            O  74476040  111701729697.74  106118230307.6056   \n",
              "3            R            F  37719753   56568041380.90   53741292684.6040   \n",
              "\n",
              "            sum_charge              avg_qty           avg_price  \\\n",
              "0   55909065222.827692  25.5220058532573370  38273.129734621672   \n",
              "1    1469649223.194375  25.5164719205229835  38284.467760848304   \n",
              "2  110367043872.497010  25.5022267695849915  38249.117988908270   \n",
              "3   55889619119.831932  25.5057936126907707  38250.854626099657   \n",
              "\n",
              "                 avg_disc  count_order  \n",
              "0  0.04998529583839761162      1478493  \n",
              "1  0.05009342667421629691        38854  \n",
              "2  0.04999658605370408037      2920374  \n",
              "3  0.05000940583012705647      1478870  "
            ]
          },
          "execution_count": 28,
          "metadata": {},
          "output_type": "execute_result"
        }
      ],
      "source": [
        "df_q1 = consultas_tarefa_4(sql_q1)\n",
        "df_q1"
      ]
    },
    {
      "cell_type": "markdown",
      "metadata": {},
      "source": [
        "##### Análise da Consulta Q1\n",
        "\n",
        "**1. Tempo Total de Execução**:\n",
        "\n",
        "  * ``3173.664 ms``.\n",
        "\n",
        "**2. Estratégia de Scans**:\n",
        "\n",
        "  * **Tabela Principal**: `lineitem`.\n",
        "  * **Tipo de Acesso**: `Parallel Seq Scan`.\n",
        "  * **Uso de Índice**? Não.\n",
        "\n",
        "**3. Estratégia de Joins**:\n",
        "\n",
        "  * Não há junções nesta consulta, apenas uma tabela.\n",
        "\n",
        "**4. Comentário da Análise**:\n",
        "\n",
        "Estratégia de Execução: O PostgreSQL optou por uma estratégia de Parallel Seq Scan, dividindo a leitura da tabela lineitem entre 2 workers e 1 líder para acelerar o processo.\n",
        "\n",
        "Agregação em Duas Etapas: Para otimizar o tráfego de dados entre os processos, o banco utilizou Partial HashAggregate seguido de Finalize GroupAggregate.\n",
        "\n",
        "Ordenação: O nó Sort foi executado individualmente por cada worker para permitir o uso do Gather Merge, que combina os resultados paralelos mantendo a ordenação solicitada na consulta, evitando uma reordenação custosa de todo o conjunto de dados final."
      ]
    },
    {
      "cell_type": "markdown",
      "metadata": {},
      "source": [
        "#### Consulta 3"
      ]
    },
    {
      "cell_type": "code",
      "execution_count": 29,
      "metadata": {},
      "outputs": [
        {
          "name": "stdout",
          "output_type": "stream",
          "text": [
            "=== PLANO DE EXECUÇÃO E TEMPO (EXPLAIN ANALYZE) ===\n",
            "Limit  (cost=191564.17..191564.19 rows=10 width=44) (actual time=951.214..969.822 rows=10 loops=1)\n",
            "  ->  Sort  (cost=191564.17..192339.79 rows=310250 width=44) (actual time=927.681..946.268 rows=10 loops=1)\n",
            "        Sort Key: (sum((lineitem.l_extendedprice * ('1'::numeric - lineitem.l_discount)))) DESC, orders.o_orderdate\n",
            "        Sort Method: top-N heapsort  Memory: 26kB\n",
            "        ->  Finalize GroupAggregate  (cost=144029.58..184859.78 rows=310250 width=44) (actual time=908.170..943.423 rows=11620 loops=1)\n",
            "              Group Key: lineitem.l_orderkey, orders.o_orderdate, orders.o_shippriority\n",
            "              ->  Gather Merge  (cost=144029.58..177749.88 rows=258542 width=44) (actual time=908.149..936.134 rows=11620 loops=1)\n",
            "                    Workers Planned: 2\n",
            "                    Workers Launched: 2\n",
            "                    ->  Partial GroupAggregate  (cost=143029.56..146907.69 rows=129271 width=44) (actual time=883.438..890.132 rows=3873 loops=3)\n",
            "                          Group Key: lineitem.l_orderkey, orders.o_orderdate, orders.o_shippriority\n",
            "                          ->  Sort  (cost=143029.56..143352.74 rows=129271 width=24) (actual time=883.401..883.903 rows=10173 loops=3)\n",
            "                                Sort Key: lineitem.l_orderkey, orders.o_orderdate, orders.o_shippriority\n",
            "                                Sort Method: quicksort  Memory: 1206kB\n",
            "                                Worker 0:  Sort Method: quicksort  Memory: 1176kB\n",
            "                                Worker 1:  Sort Method: quicksort  Memory: 1156kB\n",
            "                                ->  Nested Loop  (cost=4521.56..129401.43 rows=129271 width=24) (actual time=98.418..876.717 rows=10173 loops=3)\n",
            "                                      ->  Parallel Hash Join  (cost=4521.12..39221.87 rows=59902 width=12) (actual time=97.851..280.493 rows=49042 loops=3)\n",
            "                                            Hash Cond: (orders.o_custkey = customer.c_custkey)\n",
            "                                            ->  Parallel Seq Scan on orders  (cost=0.00..33907.50 rows=302179 width=16) (actual time=0.065..99.932 rows=242435 loops=3)\n",
            "                                                  Filter: (o_orderdate < '1995-03-15'::date)\n",
            "                                                  Rows Removed by Filter: 257565\n",
            "                                            ->  Parallel Hash  (cost=4366.25..4366.25 rows=12390 width=4) (actual time=97.276..97.277 rows=10047 loops=3)\n",
            "                                                  Buckets: 32768  Batches: 1  Memory Usage: 1472kB\n",
            "                                                  ->  Parallel Seq Scan on customer  (cost=0.00..4366.25 rows=12390 width=4) (actual time=16.424..93.823 rows=10047 loops=3)\n",
            "                                                        Filter: (c_mktsegment = 'BUILDING'::bpchar)\n",
            "                                                        Rows Removed by Filter: 39953\n",
            "                                      ->  Index Scan using idx_lineitem_orderkey on lineitem  (cost=0.43..1.43 rows=8 width=16) (actual time=0.012..0.012 rows=0 loops=147126)\n",
            "                                            Index Cond: (l_orderkey = orders.o_orderkey)\n",
            "                                            Filter: (l_shipdate > '1995-03-15'::date)\n",
            "                                            Rows Removed by Filter: 4\n",
            "Planning Time: 10.383 ms\n",
            "JIT:\n",
            "  Functions: 82\n",
            "  Options: Inlining false, Optimization false, Expressions true, Deforming true\n",
            "  Timing: Generation 5.186 ms, Inlining 0.000 ms, Optimization 2.903 ms, Emission 67.849 ms, Total 75.937 ms\n",
            "Execution Time: 993.332 ms\n",
            "\n",
            "==================================================\n",
            "\n",
            "=== RESULTADO DA CONSULTA (10 PRIMEIRAS LINHAS) ===\n"
          ]
        },
        {
          "data": {
            "text/html": [
              "<div>\n",
              "<style scoped>\n",
              "    .dataframe tbody tr th:only-of-type {\n",
              "        vertical-align: middle;\n",
              "    }\n",
              "\n",
              "    .dataframe tbody tr th {\n",
              "        vertical-align: top;\n",
              "    }\n",
              "\n",
              "    .dataframe thead th {\n",
              "        text-align: right;\n",
              "    }\n",
              "</style>\n",
              "<table border=\"1\" class=\"dataframe\">\n",
              "  <thead>\n",
              "    <tr style=\"text-align: right;\">\n",
              "      <th></th>\n",
              "      <th>l_orderkey</th>\n",
              "      <th>revenue</th>\n",
              "      <th>o_orderdate</th>\n",
              "      <th>o_shippriority</th>\n",
              "    </tr>\n",
              "  </thead>\n",
              "  <tbody>\n",
              "    <tr>\n",
              "      <th>0</th>\n",
              "      <td>2456423</td>\n",
              "      <td>406181.0111</td>\n",
              "      <td>1995-03-05</td>\n",
              "      <td>0</td>\n",
              "    </tr>\n",
              "    <tr>\n",
              "      <th>1</th>\n",
              "      <td>3459808</td>\n",
              "      <td>405838.6989</td>\n",
              "      <td>1995-03-04</td>\n",
              "      <td>0</td>\n",
              "    </tr>\n",
              "    <tr>\n",
              "      <th>2</th>\n",
              "      <td>492164</td>\n",
              "      <td>390324.0610</td>\n",
              "      <td>1995-02-19</td>\n",
              "      <td>0</td>\n",
              "    </tr>\n",
              "    <tr>\n",
              "      <th>3</th>\n",
              "      <td>1188320</td>\n",
              "      <td>384537.9359</td>\n",
              "      <td>1995-03-09</td>\n",
              "      <td>0</td>\n",
              "    </tr>\n",
              "    <tr>\n",
              "      <th>4</th>\n",
              "      <td>2435712</td>\n",
              "      <td>378673.0558</td>\n",
              "      <td>1995-02-26</td>\n",
              "      <td>0</td>\n",
              "    </tr>\n",
              "    <tr>\n",
              "      <th>5</th>\n",
              "      <td>4878020</td>\n",
              "      <td>378376.7952</td>\n",
              "      <td>1995-03-12</td>\n",
              "      <td>0</td>\n",
              "    </tr>\n",
              "    <tr>\n",
              "      <th>6</th>\n",
              "      <td>5521732</td>\n",
              "      <td>375153.9215</td>\n",
              "      <td>1995-03-13</td>\n",
              "      <td>0</td>\n",
              "    </tr>\n",
              "    <tr>\n",
              "      <th>7</th>\n",
              "      <td>2628192</td>\n",
              "      <td>373133.3094</td>\n",
              "      <td>1995-02-22</td>\n",
              "      <td>0</td>\n",
              "    </tr>\n",
              "    <tr>\n",
              "      <th>8</th>\n",
              "      <td>993600</td>\n",
              "      <td>371407.4595</td>\n",
              "      <td>1995-03-05</td>\n",
              "      <td>0</td>\n",
              "    </tr>\n",
              "    <tr>\n",
              "      <th>9</th>\n",
              "      <td>2300070</td>\n",
              "      <td>367371.1452</td>\n",
              "      <td>1995-03-13</td>\n",
              "      <td>0</td>\n",
              "    </tr>\n",
              "  </tbody>\n",
              "</table>\n",
              "</div>"
            ],
            "text/plain": [
              "   l_orderkey      revenue o_orderdate  o_shippriority\n",
              "0     2456423  406181.0111  1995-03-05               0\n",
              "1     3459808  405838.6989  1995-03-04               0\n",
              "2      492164  390324.0610  1995-02-19               0\n",
              "3     1188320  384537.9359  1995-03-09               0\n",
              "4     2435712  378673.0558  1995-02-26               0\n",
              "5     4878020  378376.7952  1995-03-12               0\n",
              "6     5521732  375153.9215  1995-03-13               0\n",
              "7     2628192  373133.3094  1995-02-22               0\n",
              "8      993600  371407.4595  1995-03-05               0\n",
              "9     2300070  367371.1452  1995-03-13               0"
            ]
          },
          "execution_count": 29,
          "metadata": {},
          "output_type": "execute_result"
        }
      ],
      "source": [
        "df_q3 = consultas_tarefa_4(sql_q3)\n",
        "df_q3"
      ]
    },
    {
      "cell_type": "markdown",
      "metadata": {},
      "source": [
        "##### Análise da Consulta Q3\n",
        "\n",
        "**1. Tempo Total de Execução:**\n",
        "\n",
        "- `993.332 ms`\n",
        "\n",
        "**2. Estratégia de Acesso (Scans):**\n",
        "\n",
        "**Tabelas e Acessos**:\n",
        "\n",
        "- Tabela ``orders``: Parallel Seq Scan.\n",
        "- Tabela ``customer``: Parallel Seq Scan.\n",
        "- Tabela ``lineitem``: Index Scan, usando o índice idx_lineitem_orderkey.\n",
        "\n",
        "**3. Estratégia de Joins:**\n",
        "\n",
        "- **Parallel Hash Join**: Usado para juntar ``customer`` e ``orders``.\n",
        "- **Nested Loop**: Usado para juntar o resultado anterior com ``lineitem``.\n",
        "\n",
        "**4. Comentário da Análise:**\n",
        "\n",
        "Primeiro, ele filtrou as tabelas customer e orders em paralelo (Parallel Seq Scan) e as uniu usando um Hash Join (eficiente para grandes volumes não ordenados).\n",
        "\n",
        "Para a tabela lineitem (que é a maior de todas), em vez de lê-la inteira, o banco usou um Nested Loop combinado com um Index Scan. Isso significa que, para cada pedido filtrado nas etapas anteriores, ele buscou pontualmente os itens no índice, economizando muito tempo de I/O.\n",
        "\n",
        "Por fim, a agregação foi feita em dois estágios partial e finalize e a ordenação final usou **Top-N heapsort** para retornar apenas as 10 linhas solicitadas sem precisar ordenar todo o conjunto de resultados na memória."
      ]
    },
    {
      "cell_type": "markdown",
      "metadata": {},
      "source": [
        "#### Consulta 5"
      ]
    },
    {
      "cell_type": "code",
      "execution_count": 41,
      "metadata": {},
      "outputs": [
        {
          "name": "stdout",
          "output_type": "stream",
          "text": [
            "=== PLANO DE EXECUÇÃO E TEMPO (EXPLAIN ANALYZE) ===\n",
            "Sort  (cost=83509.85..83509.91 rows=25 width=136) (actual time=607.569..614.706 rows=5 loops=1)\n",
            "  Sort Key: (sum((lineitem.l_extendedprice * ('1'::numeric - lineitem.l_discount)))) DESC\n",
            "  Sort Method: quicksort  Memory: 25kB\n",
            "  ->  Finalize GroupAggregate  (cost=83464.75..83509.27 rows=25 width=136) (actual time=606.610..614.670 rows=5 loops=1)\n",
            "        Group Key: nation.n_name\n",
            "        ->  Gather Merge  (cost=83464.75..83508.58 rows=50 width=136) (actual time=606.363..614.647 rows=15 loops=1)\n",
            "              Workers Planned: 2\n",
            "              Workers Launched: 2\n",
            "              ->  Partial GroupAggregate  (cost=82464.73..82502.79 rows=25 width=136) (actual time=601.105..601.988 rows=5 loops=3)\n",
            "                    Group Key: nation.n_name\n",
            "                    ->  Sort  (cost=82464.73..82472.28 rows=3020 width=116) (actual time=600.758..600.901 rows=2414 loops=3)\n",
            "                          Sort Key: nation.n_name\n",
            "                          Sort Method: quicksort  Memory: 288kB\n",
            "                          Worker 0:  Sort Method: quicksort  Memory: 287kB\n",
            "                          Worker 1:  Sort Method: quicksort  Memory: 280kB\n",
            "                          ->  Hash Join  (cost=475.32..82290.16 rows=3020 width=116) (actual time=5.932..597.676 rows=2414 loops=3)\n",
            "                                Hash Cond: ((lineitem.l_suppkey = supplier.s_suppkey) AND (customer.c_nationkey = supplier.s_nationkey))\n",
            "                                ->  Nested Loop  (cost=3.32..81421.74 rows=75510 width=128) (actual time=0.291..570.861 rows=61361 loops=3)\n",
            "                                      ->  Nested Loop  (cost=2.89..24284.17 rows=18873 width=116) (actual time=0.220..371.661 rows=15336 loops=3)\n",
            "                                            ->  Hash Join  (cost=2.46..4571.84 rows=12500 width=116) (actual time=0.122..23.503 rows=10061 loops=3)\n",
            "                                                  Hash Cond: (customer.c_nationkey = nation.n_nationkey)\n",
            "                                                  ->  Parallel Seq Scan on customer  (cost=0.00..4210.00 rows=62500 width=8) (actual time=0.023..11.241 rows=50000 loops=3)\n",
            "                                                  ->  Hash  (cost=2.40..2.40 rows=5 width=108) (actual time=0.058..0.061 rows=5 loops=3)\n",
            "                                                        Buckets: 1024  Batches: 1  Memory Usage: 9kB\n",
            "                                                        ->  Hash Join  (cost=1.07..2.40 rows=5 width=108) (actual time=0.050..0.056 rows=5 loops=3)\n",
            "                                                              Hash Cond: (nation.n_regionkey = region.r_regionkey)\n",
            "                                                              ->  Seq Scan on nation  (cost=0.00..1.25 rows=25 width=112) (actual time=0.013..0.015 rows=25 loops=3)\n",
            "                                                              ->  Hash  (cost=1.06..1.06 rows=1 width=4) (actual time=0.018..0.019 rows=1 loops=3)\n",
            "                                                                    Buckets: 1024  Batches: 1  Memory Usage: 9kB\n",
            "                                                                    ->  Seq Scan on region  (cost=0.00..1.06 rows=1 width=4) (actual time=0.012..0.013 rows=1 loops=3)\n",
            "                                                                          Filter: (r_name = 'ASIA'::bpchar)\n",
            "                                                                          Rows Removed by Filter: 4\n",
            "                                            ->  Index Scan using idx_orders_custkey on orders  (cost=0.43..1.55 rows=3 width=8) (actual time=0.014..0.034 rows=2 loops=30183)\n",
            "                                                  Index Cond: (o_custkey = customer.c_custkey)\n",
            "                                                  Filter: ((o_orderdate >= '1994-01-01'::date) AND (o_orderdate < '1995-01-01 00:00:00'::timestamp without time zone))\n",
            "                                                  Rows Removed by Filter: 8\n",
            "                                      ->  Index Scan using idx_lineitem_orderkey on lineitem  (cost=0.43..2.87 rows=16 width=20) (actual time=0.011..0.012 rows=4 loops=46008)\n",
            "                                            Index Cond: (l_orderkey = orders.o_orderkey)\n",
            "                                ->  Hash  (cost=322.00..322.00 rows=10000 width=8) (actual time=5.295..5.295 rows=10000 loops=3)\n",
            "                                      Buckets: 16384  Batches: 1  Memory Usage: 519kB\n",
            "                                      ->  Seq Scan on supplier  (cost=0.00..322.00 rows=10000 width=8) (actual time=0.013..2.711 rows=10000 loops=3)\n",
            "Planning Time: 7.283 ms\n",
            "Execution Time: 615.320 ms\n",
            "\n",
            "==================================================\n",
            "\n",
            "=== RESULTADO DA CONSULTA (10 PRIMEIRAS LINHAS) ===\n"
          ]
        },
        {
          "data": {
            "text/html": [
              "<div>\n",
              "<style scoped>\n",
              "    .dataframe tbody tr th:only-of-type {\n",
              "        vertical-align: middle;\n",
              "    }\n",
              "\n",
              "    .dataframe tbody tr th {\n",
              "        vertical-align: top;\n",
              "    }\n",
              "\n",
              "    .dataframe thead th {\n",
              "        text-align: right;\n",
              "    }\n",
              "</style>\n",
              "<table border=\"1\" class=\"dataframe\">\n",
              "  <thead>\n",
              "    <tr style=\"text-align: right;\">\n",
              "      <th></th>\n",
              "      <th>n_name</th>\n",
              "      <th>revenue</th>\n",
              "    </tr>\n",
              "  </thead>\n",
              "  <tbody>\n",
              "    <tr>\n",
              "      <th>0</th>\n",
              "      <td>INDONESIA</td>\n",
              "      <td>55502041.1697</td>\n",
              "    </tr>\n",
              "    <tr>\n",
              "      <th>1</th>\n",
              "      <td>VIETNAM</td>\n",
              "      <td>55295086.9967</td>\n",
              "    </tr>\n",
              "    <tr>\n",
              "      <th>2</th>\n",
              "      <td>CHINA</td>\n",
              "      <td>53724494.2566</td>\n",
              "    </tr>\n",
              "    <tr>\n",
              "      <th>3</th>\n",
              "      <td>INDIA</td>\n",
              "      <td>52035512.0002</td>\n",
              "    </tr>\n",
              "    <tr>\n",
              "      <th>4</th>\n",
              "      <td>JAPAN</td>\n",
              "      <td>45410175.6954</td>\n",
              "    </tr>\n",
              "  </tbody>\n",
              "</table>\n",
              "</div>"
            ],
            "text/plain": [
              "                      n_name        revenue\n",
              "0  INDONESIA                  55502041.1697\n",
              "1  VIETNAM                    55295086.9967\n",
              "2  CHINA                      53724494.2566\n",
              "3  INDIA                      52035512.0002\n",
              "4  JAPAN                      45410175.6954"
            ]
          },
          "execution_count": 41,
          "metadata": {},
          "output_type": "execute_result"
        }
      ],
      "source": [
        "df_q5 = consultas_tarefa_4(sql_q5)\n",
        "df_q5"
      ]
    },
    {
      "cell_type": "markdown",
      "metadata": {},
      "source": [
        "##### Análise da Consulta Q5\n",
        "\n",
        "**1. Tempo Total de Execução:**\n",
        "* `615.320 ms`\n",
        "\n",
        "**2. Estratégia de Scans:**\n",
        "\n",
        "- **Seq Scan:** Utilizadas nas tabelas menores: `region`, `nation`, `supplier` e `customer`.\n",
        "- **Index Scan:** Utilizadas nas duas maiores tabelas do sistema:\n",
        "    - `orders`: Usou o índice `idx_orders_custkey`.\n",
        "    - `lineitem`: Usou o índice `idx_lineitem_orderkey`.\n",
        "\n",
        "**3. Estratégia de Joins:**\n",
        "\n",
        "- **Hash Join:** Utilizado para ligar as tabelas `region` -> `nation` -> `customer` e para a validação final com `supplier`.\n",
        "- **Nested Loop:** Utilizado para conectar o resultado dos clientes aos pedidos `orders` e itens `lineitem`.\n",
        "\n",
        "**4. Comentário da Análise:**\n",
        "\n",
        "O banco começou filtrando `region` para encontrar 'ASIA'. Como é muito pequeno, ele usou isso para filtrar `nation` e depois `customer` rapidamente via **Hash Joins**.\n",
        "\n",
        "Uma vez que o banco tinha a lista de clientes da Ásia, ele mudou a estratégia. Em vez de varrer a tabela gigante de `orders`, ele usou um **Nested Loop** com **Index Scan**.\n",
        "\n",
        "- Para cada cliente asiático encontrado, ele foi no índice de pedidos e buscou pontualmente os pedidos dele.\n",
        "- Em seguida, repetiu o processo para buscar os itens `lineitem` desses pedidos.\n",
        "\n",
        "Essa combinação evitou que o banco precisasse ler as tabelas gigantes inteiras, lendo apenas os blocos de dados referentes à região 'ASIA'."
      ]
    },
    {
      "cell_type": "markdown",
      "metadata": {},
      "source": [
        "#### Consulta 6"
      ]
    },
    {
      "cell_type": "code",
      "execution_count": 39,
      "metadata": {},
      "outputs": [
        {
          "name": "stdout",
          "output_type": "stream",
          "text": [
            "=== PLANO DE EXECUÇÃO E TEMPO (EXPLAIN ANALYZE) ===\n",
            "Finalize Aggregate  (cost=170006.04..170006.05 rows=1 width=32) (actual time=496.231..506.251 rows=1 loops=1)\n",
            "  ->  Gather  (cost=170005.82..170006.03 rows=2 width=32) (actual time=496.079..506.220 rows=3 loops=1)\n",
            "        Workers Planned: 2\n",
            "        Workers Launched: 2\n",
            "        ->  Partial Aggregate  (cost=169005.82..169005.83 rows=1 width=32) (actual time=478.207..478.208 rows=1 loops=3)\n",
            "              ->  Parallel Seq Scan on lineitem  (cost=0.00..168767.02 rows=47760 width=12) (actual time=9.472..462.084 rows=38053 loops=3)\n",
            "                    Filter: ((l_shipdate >= '1994-01-01'::date) AND (l_shipdate < '1995-01-01 00:00:00'::timestamp without time zone) AND (l_discount >= 0.05) AND (l_discount <= 0.07) AND (l_quantity < '24'::numeric))\n",
            "                    Rows Removed by Filter: 1962352\n",
            "Planning Time: 0.927 ms\n",
            "JIT:\n",
            "  Functions: 17\n",
            "  Options: Inlining false, Optimization false, Expressions true, Deforming true\n",
            "  Timing: Generation 2.228 ms, Inlining 0.000 ms, Optimization 1.182 ms, Emission 27.008 ms, Total 30.419 ms\n",
            "Execution Time: 533.026 ms\n",
            "\n",
            "==================================================\n",
            "\n",
            "=== RESULTADO DA CONSULTA (10 PRIMEIRAS LINHAS) ===\n"
          ]
        },
        {
          "data": {
            "text/html": [
              "<div>\n",
              "<style scoped>\n",
              "    .dataframe tbody tr th:only-of-type {\n",
              "        vertical-align: middle;\n",
              "    }\n",
              "\n",
              "    .dataframe tbody tr th {\n",
              "        vertical-align: top;\n",
              "    }\n",
              "\n",
              "    .dataframe thead th {\n",
              "        text-align: right;\n",
              "    }\n",
              "</style>\n",
              "<table border=\"1\" class=\"dataframe\">\n",
              "  <thead>\n",
              "    <tr style=\"text-align: right;\">\n",
              "      <th></th>\n",
              "      <th>revenue</th>\n",
              "    </tr>\n",
              "  </thead>\n",
              "  <tbody>\n",
              "    <tr>\n",
              "      <th>0</th>\n",
              "      <td>123141078.2283</td>\n",
              "    </tr>\n",
              "  </tbody>\n",
              "</table>\n",
              "</div>"
            ],
            "text/plain": [
              "          revenue\n",
              "0  123141078.2283"
            ]
          },
          "execution_count": 39,
          "metadata": {},
          "output_type": "execute_result"
        }
      ],
      "source": [
        "df_q6 = consultas_tarefa_4(sql_q6)\n",
        "df_q6"
      ]
    },
    {
      "cell_type": "markdown",
      "metadata": {},
      "source": [
        "#### Consulta 7"
      ]
    },
    {
      "cell_type": "code",
      "execution_count": 32,
      "metadata": {},
      "outputs": [
        {
          "name": "stdout",
          "output_type": "stream",
          "text": [
            "=== PLANO DE EXECUÇÃO E TEMPO (EXPLAIN ANALYZE) ===\n",
            "Finalize GroupAggregate  (cost=72798.56..73625.00 rows=6115 width=272) (actual time=738.862..745.709 rows=4 loops=1)\n",
            "  Group Key: n1.n_name, n2.n_name, (EXTRACT(year FROM lineitem.l_shipdate))\n",
            "  ->  Gather Merge  (cost=72798.56..73469.57 rows=5096 width=272) (actual time=738.556..745.688 rows=12 loops=1)\n",
            "        Workers Planned: 2\n",
            "        Workers Launched: 2\n",
            "        ->  Partial GroupAggregate  (cost=71798.54..71881.35 rows=2548 width=272) (actual time=733.105..733.983 rows=4 loops=3)\n",
            "              Group Key: n1.n_name, n2.n_name, (EXTRACT(year FROM lineitem.l_shipdate))\n",
            "              ->  Sort  (cost=71798.54..71804.91 rows=2548 width=252) (actual time=732.743..732.907 rows=1975 loops=3)\n",
            "                    Sort Key: n1.n_name, n2.n_name, (EXTRACT(year FROM lineitem.l_shipdate))\n",
            "                    Sort Method: quicksort  Memory: 332kB\n",
            "                    Worker 0:  Sort Method: quicksort  Memory: 328kB\n",
            "                    Worker 1:  Sort Method: quicksort  Memory: 318kB\n",
            "                    ->  Hash Join  (cost=366.36..71654.38 rows=2548 width=252) (actual time=3.947..728.717 rows=1975 loops=3)\n",
            "                          Hash Cond: (lineitem.l_suppkey = supplier.s_suppkey)\n",
            "                          Join Filter: (((n1.n_name = 'FRANCE'::bpchar) AND (n2.n_name = 'GERMANY'::bpchar)) OR ((n1.n_name = 'GERMANY'::bpchar) AND (n2.n_name = 'FRANCE'::bpchar)))\n",
            "                          Rows Removed by Join Filter: 1933\n",
            "                          ->  Nested Loop  (cost=2.26..70956.34 rows=61229 width=124) (actual time=0.269..703.408 rows=49457 loops=3)\n",
            "                                ->  Nested Loop  (cost=1.83..12563.21 rows=50000 width=108) (actual time=0.153..216.748 rows=40441 loops=3)\n",
            "                                      ->  Hash Join  (cost=1.40..4403.27 rows=5000 width=108) (actual time=0.092..22.822 rows=4003 loops=3)\n",
            "                                            Hash Cond: (customer.c_nationkey = n2.n_nationkey)\n",
            "                                            ->  Parallel Seq Scan on customer  (cost=0.00..4210.00 rows=62500 width=8) (actual time=0.021..11.533 rows=50000 loops=3)\n",
            "                                            ->  Hash  (cost=1.38..1.38 rows=2 width=108) (actual time=0.030..0.030 rows=2 loops=3)\n",
            "                                                  Buckets: 1024  Batches: 1  Memory Usage: 9kB\n",
            "                                                  ->  Seq Scan on nation n2  (cost=0.00..1.38 rows=2 width=108) (actual time=0.017..0.020 rows=2 loops=3)\n",
            "                                                        Filter: ((n_name = 'GERMANY'::bpchar) OR (n_name = 'FRANCE'::bpchar))\n",
            "                                                        Rows Removed by Filter: 23\n",
            "                                      ->  Index Scan using idx_orders_custkey on orders  (cost=0.43..1.46 rows=17 width=8) (actual time=0.006..0.046 rows=10 loops=12008)\n",
            "                                            Index Cond: (o_custkey = customer.c_custkey)\n",
            "                                ->  Index Scan using idx_lineitem_orderkey on lineitem  (cost=0.43..1.12 rows=5 width=24) (actual time=0.011..0.011 rows=1 loops=121324)\n",
            "                                      Index Cond: (l_orderkey = orders.o_orderkey)\n",
            "                                      Filter: ((l_shipdate >= '1995-01-01'::date) AND (l_shipdate <= '1996-12-31'::date))\n",
            "                                      Rows Removed by Filter: 3\n",
            "                          ->  Hash  (cost=354.10..354.10 rows=800 width=108) (actual time=2.967..2.969 rows=798 loops=3)\n",
            "                                Buckets: 1024  Batches: 1  Memory Usage: 57kB\n",
            "                                ->  Hash Join  (cost=1.40..354.10 rows=800 width=108) (actual time=0.047..2.746 rows=798 loops=3)\n",
            "                                      Hash Cond: (supplier.s_nationkey = n1.n_nationkey)\n",
            "                                      ->  Seq Scan on supplier  (cost=0.00..322.00 rows=10000 width=8) (actual time=0.013..1.518 rows=10000 loops=3)\n",
            "                                      ->  Hash  (cost=1.38..1.38 rows=2 width=108) (actual time=0.013..0.013 rows=2 loops=3)\n",
            "                                            Buckets: 1024  Batches: 1  Memory Usage: 9kB\n",
            "                                            ->  Seq Scan on nation n1  (cost=0.00..1.38 rows=2 width=108) (actual time=0.005..0.007 rows=2 loops=3)\n",
            "                                                  Filter: ((n_name = 'FRANCE'::bpchar) OR (n_name = 'GERMANY'::bpchar))\n",
            "                                                  Rows Removed by Filter: 23\n",
            "Planning Time: 4.489 ms\n",
            "Execution Time: 746.140 ms\n",
            "\n",
            "==================================================\n",
            "\n",
            "=== RESULTADO DA CONSULTA (10 PRIMEIRAS LINHAS) ===\n"
          ]
        },
        {
          "data": {
            "text/html": [
              "<div>\n",
              "<style scoped>\n",
              "    .dataframe tbody tr th:only-of-type {\n",
              "        vertical-align: middle;\n",
              "    }\n",
              "\n",
              "    .dataframe tbody tr th {\n",
              "        vertical-align: top;\n",
              "    }\n",
              "\n",
              "    .dataframe thead th {\n",
              "        text-align: right;\n",
              "    }\n",
              "</style>\n",
              "<table border=\"1\" class=\"dataframe\">\n",
              "  <thead>\n",
              "    <tr style=\"text-align: right;\">\n",
              "      <th></th>\n",
              "      <th>supp_nation</th>\n",
              "      <th>cust_nation</th>\n",
              "      <th>l_year</th>\n",
              "      <th>revenue</th>\n",
              "    </tr>\n",
              "  </thead>\n",
              "  <tbody>\n",
              "    <tr>\n",
              "      <th>0</th>\n",
              "      <td>FRANCE</td>\n",
              "      <td>GERMANY</td>\n",
              "      <td>1995</td>\n",
              "      <td>54639732.7336</td>\n",
              "    </tr>\n",
              "    <tr>\n",
              "      <th>1</th>\n",
              "      <td>FRANCE</td>\n",
              "      <td>GERMANY</td>\n",
              "      <td>1996</td>\n",
              "      <td>54633083.3076</td>\n",
              "    </tr>\n",
              "    <tr>\n",
              "      <th>2</th>\n",
              "      <td>GERMANY</td>\n",
              "      <td>FRANCE</td>\n",
              "      <td>1995</td>\n",
              "      <td>52531746.6697</td>\n",
              "    </tr>\n",
              "    <tr>\n",
              "      <th>3</th>\n",
              "      <td>GERMANY</td>\n",
              "      <td>FRANCE</td>\n",
              "      <td>1996</td>\n",
              "      <td>52520549.0224</td>\n",
              "    </tr>\n",
              "  </tbody>\n",
              "</table>\n",
              "</div>"
            ],
            "text/plain": [
              "                 supp_nation                cust_nation l_year        revenue\n",
              "0  FRANCE                     GERMANY                     1995  54639732.7336\n",
              "1  FRANCE                     GERMANY                     1996  54633083.3076\n",
              "2  GERMANY                    FRANCE                      1995  52531746.6697\n",
              "3  GERMANY                    FRANCE                      1996  52520549.0224"
            ]
          },
          "execution_count": 32,
          "metadata": {},
          "output_type": "execute_result"
        }
      ],
      "source": [
        "df_q7 = consultas_tarefa_4(sql_q7)\n",
        "df_q7"
      ]
    },
    {
      "cell_type": "markdown",
      "metadata": {},
      "source": [
        "#### Consulta 9"
      ]
    },
    {
      "cell_type": "code",
      "execution_count": 33,
      "metadata": {},
      "outputs": [
        {
          "name": "stdout",
          "output_type": "stream",
          "text": [
            "=== PLANO DE EXECUÇÃO E TEMPO (EXPLAIN ANALYZE) ===\n",
            "Finalize GroupAggregate  (cost=76906.69..95315.42 rows=60150 width=168) (actual time=2784.939..2900.068 rows=175 loops=1)\n",
            "  Group Key: nation.n_name, (EXTRACT(year FROM orders.o_orderdate))\n",
            "  ->  Gather Merge  (cost=76906.69..93210.17 rows=120300 width=168) (actual time=2784.344..2899.523 rows=525 loops=1)\n",
            "        Workers Planned: 2\n",
            "        Workers Launched: 2\n",
            "        ->  Partial GroupAggregate  (cost=75906.67..78324.54 rows=60150 width=168) (actual time=2780.284..2887.454 rows=175 loops=3)\n",
            "              Group Key: nation.n_name, (EXTRACT(year FROM orders.o_orderdate))\n",
            "              ->  Sort  (cost=75906.67..76096.12 rows=75781 width=159) (actual time=2779.951..2812.565 rows=106468 loops=3)\n",
            "                    Sort Key: nation.n_name, (EXTRACT(year FROM orders.o_orderdate)) DESC\n",
            "                    Sort Method: external merge  Disk: 6936kB\n",
            "                    Worker 0:  Sort Method: external merge  Disk: 6936kB\n",
            "                    Worker 1:  Sort Method: external merge  Disk: 6944kB\n",
            "                    ->  Nested Loop  (cost=449.85..63804.29 rows=75781 width=159) (actual time=5.859..2636.800 rows=106468 loops=3)\n",
            "                          ->  Nested Loop  (cost=449.42..28366.39 rows=75781 width=131) (actual time=5.131..1361.863 rows=106468 loops=3)\n",
            "                                Join Filter: (supplier.s_suppkey = lineitem.l_suppkey)\n",
            "                                ->  Hash Join  (cost=448.99..17610.89 rows=10102 width=126) (actual time=4.446..712.089 rows=14219 loops=3)\n",
            "                                      Hash Cond: (supplier.s_nationkey = nation.n_nationkey)\n",
            "                                      ->  Hash Join  (cost=447.43..17578.32 rows=10102 width=26) (actual time=4.364..701.947 rows=14219 loops=3)\n",
            "                                            Hash Cond: (partsupp.ps_suppkey = supplier.s_suppkey)\n",
            "                                            ->  Nested Loop  (cost=0.42..17104.79 rows=10102 width=18) (actual time=0.927..680.754 rows=14219 loops=3)\n",
            "                                                  ->  Parallel Seq Scan on part  (cost=0.00..5138.67 rows=2525 width=4) (actual time=0.398..53.246 rows=3555 loops=3)\n",
            "                                                        Filter: ((p_name)::text ~~ '%green%'::text)\n",
            "                                                        Rows Removed by Filter: 63112\n",
            "                                                  ->  Index Scan using idx_partsupp_partkey on partsupp  (cost=0.42..4.70 rows=4 width=14) (actual time=0.162..0.174 rows=4 loops=10664)\n",
            "                                                        Index Cond: (ps_partkey = part.p_partkey)\n",
            "                                            ->  Hash  (cost=322.00..322.00 rows=10000 width=8) (actual time=3.323..3.324 rows=10000 loops=3)\n",
            "                                                  Buckets: 16384  Batches: 1  Memory Usage: 519kB\n",
            "                                                  ->  Seq Scan on supplier  (cost=0.00..322.00 rows=10000 width=8) (actual time=0.017..1.825 rows=10000 loops=3)\n",
            "                                      ->  Hash  (cost=1.25..1.25 rows=25 width=108) (actual time=0.040..0.040 rows=25 loops=3)\n",
            "                                            Buckets: 1024  Batches: 1  Memory Usage: 10kB\n",
            "                                            ->  Seq Scan on nation  (cost=0.00..1.25 rows=25 width=108) (actual time=0.013..0.016 rows=25 loops=3)\n",
            "                                ->  Index Scan using idx_lineitem_part_supp on lineitem  (cost=0.43..1.05 rows=1 width=29) (actual time=0.016..0.043 rows=7 loops=42656)\n",
            "                                      Index Cond: ((l_partkey = partsupp.ps_partkey) AND (l_suppkey = partsupp.ps_suppkey))\n",
            "                          ->  Index Scan using orders_pkey on orders  (cost=0.43..0.47 rows=1 width=8) (actual time=0.011..0.011 rows=1 loops=319404)\n",
            "                                Index Cond: (o_orderkey = lineitem.l_orderkey)\n",
            "Planning Time: 18.132 ms\n",
            "Execution Time: 2902.716 ms\n",
            "\n",
            "==================================================\n",
            "\n",
            "=== RESULTADO DA CONSULTA (10 PRIMEIRAS LINHAS) ===\n"
          ]
        },
        {
          "data": {
            "text/html": [
              "<div>\n",
              "<style scoped>\n",
              "    .dataframe tbody tr th:only-of-type {\n",
              "        vertical-align: middle;\n",
              "    }\n",
              "\n",
              "    .dataframe tbody tr th {\n",
              "        vertical-align: top;\n",
              "    }\n",
              "\n",
              "    .dataframe thead th {\n",
              "        text-align: right;\n",
              "    }\n",
              "</style>\n",
              "<table border=\"1\" class=\"dataframe\">\n",
              "  <thead>\n",
              "    <tr style=\"text-align: right;\">\n",
              "      <th></th>\n",
              "      <th>nation</th>\n",
              "      <th>o_year</th>\n",
              "      <th>sum_profit</th>\n",
              "    </tr>\n",
              "  </thead>\n",
              "  <tbody>\n",
              "    <tr>\n",
              "      <th>0</th>\n",
              "      <td>ALGERIA</td>\n",
              "      <td>1998</td>\n",
              "      <td>27136900.1803</td>\n",
              "    </tr>\n",
              "    <tr>\n",
              "      <th>1</th>\n",
              "      <td>ALGERIA</td>\n",
              "      <td>1997</td>\n",
              "      <td>48611833.4962</td>\n",
              "    </tr>\n",
              "    <tr>\n",
              "      <th>2</th>\n",
              "      <td>ALGERIA</td>\n",
              "      <td>1996</td>\n",
              "      <td>48285482.6782</td>\n",
              "    </tr>\n",
              "    <tr>\n",
              "      <th>3</th>\n",
              "      <td>ALGERIA</td>\n",
              "      <td>1995</td>\n",
              "      <td>44402273.5999</td>\n",
              "    </tr>\n",
              "    <tr>\n",
              "      <th>4</th>\n",
              "      <td>ALGERIA</td>\n",
              "      <td>1994</td>\n",
              "      <td>48694008.0668</td>\n",
              "    </tr>\n",
              "    <tr>\n",
              "      <th>5</th>\n",
              "      <td>ALGERIA</td>\n",
              "      <td>1993</td>\n",
              "      <td>46044207.7838</td>\n",
              "    </tr>\n",
              "    <tr>\n",
              "      <th>6</th>\n",
              "      <td>ALGERIA</td>\n",
              "      <td>1992</td>\n",
              "      <td>45636849.4881</td>\n",
              "    </tr>\n",
              "    <tr>\n",
              "      <th>7</th>\n",
              "      <td>ARGENTINA</td>\n",
              "      <td>1998</td>\n",
              "      <td>28341663.7848</td>\n",
              "    </tr>\n",
              "    <tr>\n",
              "      <th>8</th>\n",
              "      <td>ARGENTINA</td>\n",
              "      <td>1997</td>\n",
              "      <td>47143964.1176</td>\n",
              "    </tr>\n",
              "    <tr>\n",
              "      <th>9</th>\n",
              "      <td>ARGENTINA</td>\n",
              "      <td>1996</td>\n",
              "      <td>45255278.6021</td>\n",
              "    </tr>\n",
              "  </tbody>\n",
              "</table>\n",
              "</div>"
            ],
            "text/plain": [
              "                      nation o_year     sum_profit\n",
              "0  ALGERIA                     1998  27136900.1803\n",
              "1  ALGERIA                     1997  48611833.4962\n",
              "2  ALGERIA                     1996  48285482.6782\n",
              "3  ALGERIA                     1995  44402273.5999\n",
              "4  ALGERIA                     1994  48694008.0668\n",
              "5  ALGERIA                     1993  46044207.7838\n",
              "6  ALGERIA                     1992  45636849.4881\n",
              "7  ARGENTINA                   1998  28341663.7848\n",
              "8  ARGENTINA                   1997  47143964.1176\n",
              "9  ARGENTINA                   1996  45255278.6021"
            ]
          },
          "execution_count": 33,
          "metadata": {},
          "output_type": "execute_result"
        }
      ],
      "source": [
        "df_q9 = consultas_tarefa_4(sql_q9)\n",
        "df_q9"
      ]
    },
    {
      "cell_type": "markdown",
      "metadata": {},
      "source": [
        "#### Consulta 10"
      ]
    },
    {
      "cell_type": "code",
      "execution_count": 34,
      "metadata": {},
      "outputs": [
        {
          "name": "stdout",
          "output_type": "stream",
          "text": [
            "=== PLANO DE EXECUÇÃO E TEMPO (EXPLAIN ANALYZE) ===\n",
            "Limit  (cost=166122.47..166122.52 rows=20 width=280) (actual time=579.632..590.769 rows=20 loops=1)\n",
            "  ->  Sort  (cost=166122.47..166263.73 rows=56507 width=280) (actual time=556.524..567.660 rows=20 loops=1)\n",
            "        Sort Key: (sum((lineitem.l_extendedprice * ('1'::numeric - lineitem.l_discount)))) DESC\n",
            "        Sort Method: top-N heapsort  Memory: 33kB\n",
            "        ->  Finalize GroupAggregate  (cost=157358.76..164618.84 rows=56507 width=280) (actual time=466.706..555.142 rows=37967 loops=1)\n",
            "              Group Key: customer.c_custkey, nation.n_name\n",
            "              ->  Gather Merge  (cost=157358.76..163441.60 rows=47090 width=280) (actual time=466.668..524.020 rows=37967 loops=1)\n",
            "                    Workers Planned: 2\n",
            "                    Workers Launched: 2\n",
            "                    ->  Partial GroupAggregate  (cost=156358.73..157006.22 rows=23545 width=280) (actual time=438.622..469.547 rows=12656 loops=3)\n",
            "                          Group Key: customer.c_custkey, nation.n_name\n",
            "                          ->  Sort  (cost=156358.73..156417.59 rows=23545 width=260) (actual time=438.563..443.736 rows=38235 loops=3)\n",
            "                                Sort Key: customer.c_custkey, nation.n_name\n",
            "                                Sort Method: external merge  Disk: 7936kB\n",
            "                                Worker 0:  Sort Method: external merge  Disk: 6744kB\n",
            "                                Worker 1:  Sort Method: external merge  Disk: 7248kB\n",
            "                                ->  Hash Join  (cost=146667.49..151751.00 rows=23545 width=260) (actual time=348.329..392.784 rows=38235 loops=3)\n",
            "                                      Hash Cond: (customer.c_nationkey = nation.n_nationkey)\n",
            "                                      ->  Parallel Hash Join  (cost=146665.92..151677.15 rows=23545 width=160) (actual time=330.956..366.436 rows=38235 loops=3)\n",
            "                                            Hash Cond: (customer.c_custkey = orders.o_custkey)\n",
            "                                            ->  Parallel Seq Scan on customer  (cost=0.00..4210.00 rows=62500 width=148) (actual time=0.020..11.114 rows=50000 loops=3)\n",
            "                                            ->  Parallel Hash  (cost=146371.61..146371.61 rows=23545 width=16) (actual time=330.624..330.625 rows=38235 loops=3)\n",
            "                                                  Buckets: 131072 (originally 65536)  Batches: 1 (originally 1)  Memory Usage: 7648kB\n",
            "                                                  ->  Nested Loop  (cost=0.43..146371.61 rows=23545 width=16) (actual time=0.119..304.953 rows=38235 loops=3)\n",
            "                                                        ->  Parallel Seq Scan on orders  (cost=0.00..35470.00 rows=23880 width=8) (actual time=0.054..98.518 rows=19023 loops=3)\n",
            "                                                              Filter: ((o_orderdate >= '1993-10-01'::date) AND (o_orderdate < '1994-01-01 00:00:00'::timestamp without time zone))\n",
            "                                                              Rows Removed by Filter: 480977\n",
            "                                                        ->  Index Scan using idx_lineitem_orderkey on lineitem  (cost=0.43..4.60 rows=4 width=16) (actual time=0.009..0.010 rows=2 loops=57069)\n",
            "                                                              Index Cond: (l_orderkey = orders.o_orderkey)\n",
            "                                                              Filter: (l_returnflag = 'R'::bpchar)\n",
            "                                                              Rows Removed by Filter: 2\n",
            "                                      ->  Hash  (cost=1.25..1.25 rows=25 width=108) (actual time=17.330..17.331 rows=25 loops=3)\n",
            "                                            Buckets: 1024  Batches: 1  Memory Usage: 10kB\n",
            "                                            ->  Seq Scan on nation  (cost=0.00..1.25 rows=25 width=108) (actual time=17.309..17.312 rows=25 loops=3)\n",
            "Planning Time: 6.188 ms\n",
            "JIT:\n",
            "  Functions: 100\n",
            "  Options: Inlining false, Optimization false, Expressions true, Deforming true\n",
            "  Timing: Generation 9.550 ms, Inlining 0.000 ms, Optimization 3.367 ms, Emission 71.804 ms, Total 84.722 ms\n",
            "Execution Time: 617.713 ms\n",
            "\n",
            "==================================================\n",
            "\n",
            "=== RESULTADO DA CONSULTA (10 PRIMEIRAS LINHAS) ===\n"
          ]
        },
        {
          "data": {
            "text/html": [
              "<div>\n",
              "<style scoped>\n",
              "    .dataframe tbody tr th:only-of-type {\n",
              "        vertical-align: middle;\n",
              "    }\n",
              "\n",
              "    .dataframe tbody tr th {\n",
              "        vertical-align: top;\n",
              "    }\n",
              "\n",
              "    .dataframe thead th {\n",
              "        text-align: right;\n",
              "    }\n",
              "</style>\n",
              "<table border=\"1\" class=\"dataframe\">\n",
              "  <thead>\n",
              "    <tr style=\"text-align: right;\">\n",
              "      <th></th>\n",
              "      <th>c_custkey</th>\n",
              "      <th>c_name</th>\n",
              "      <th>revenue</th>\n",
              "      <th>c_acctbal</th>\n",
              "      <th>n_name</th>\n",
              "      <th>c_address</th>\n",
              "      <th>c_phone</th>\n",
              "      <th>c_comment</th>\n",
              "    </tr>\n",
              "  </thead>\n",
              "  <tbody>\n",
              "    <tr>\n",
              "      <th>0</th>\n",
              "      <td>57040</td>\n",
              "      <td>Customer#000057040</td>\n",
              "      <td>734235.2455</td>\n",
              "      <td>632.87</td>\n",
              "      <td>JAPAN</td>\n",
              "      <td>Eioyzjf4pp</td>\n",
              "      <td>22-895-641-3466</td>\n",
              "      <td>sits. slyly regular requests sleep alongside o...</td>\n",
              "    </tr>\n",
              "    <tr>\n",
              "      <th>1</th>\n",
              "      <td>143347</td>\n",
              "      <td>Customer#000143347</td>\n",
              "      <td>721002.6948</td>\n",
              "      <td>2557.47</td>\n",
              "      <td>EGYPT</td>\n",
              "      <td>1aReFYv,Kw4</td>\n",
              "      <td>14-742-935-3718</td>\n",
              "      <td>ggle carefully enticing requests. final deposi...</td>\n",
              "    </tr>\n",
              "    <tr>\n",
              "      <th>2</th>\n",
              "      <td>60838</td>\n",
              "      <td>Customer#000060838</td>\n",
              "      <td>679127.3077</td>\n",
              "      <td>2454.77</td>\n",
              "      <td>BRAZIL</td>\n",
              "      <td>64EaJ5vMAHWJlBOxJklpNc2RJiWE</td>\n",
              "      <td>12-913-494-9813</td>\n",
              "      <td>need to boost against the slyly regular account</td>\n",
              "    </tr>\n",
              "    <tr>\n",
              "      <th>3</th>\n",
              "      <td>101998</td>\n",
              "      <td>Customer#000101998</td>\n",
              "      <td>637029.5667</td>\n",
              "      <td>3790.89</td>\n",
              "      <td>UNITED KINGDOM</td>\n",
              "      <td>01c9CILnNtfOQYmZj</td>\n",
              "      <td>33-593-865-6378</td>\n",
              "      <td>ress foxes wake slyly after the bold excuses. ...</td>\n",
              "    </tr>\n",
              "    <tr>\n",
              "      <th>4</th>\n",
              "      <td>125341</td>\n",
              "      <td>Customer#000125341</td>\n",
              "      <td>633508.0860</td>\n",
              "      <td>4983.51</td>\n",
              "      <td>GERMANY</td>\n",
              "      <td>S29ODD6bceU8QSuuEJznkNaK</td>\n",
              "      <td>17-582-695-5962</td>\n",
              "      <td>arefully even depths. blithely even excuses sl...</td>\n",
              "    </tr>\n",
              "    <tr>\n",
              "      <th>5</th>\n",
              "      <td>25501</td>\n",
              "      <td>Customer#000025501</td>\n",
              "      <td>620269.7849</td>\n",
              "      <td>7725.04</td>\n",
              "      <td>ETHIOPIA</td>\n",
              "      <td>W556MXuoiaYCCZamJI,Rn0B4ACUGdkQ8DZ</td>\n",
              "      <td>15-874-808-6793</td>\n",
              "      <td>he pending instructions wake carefully at the ...</td>\n",
              "    </tr>\n",
              "    <tr>\n",
              "      <th>6</th>\n",
              "      <td>115831</td>\n",
              "      <td>Customer#000115831</td>\n",
              "      <td>596423.8672</td>\n",
              "      <td>5098.10</td>\n",
              "      <td>FRANCE</td>\n",
              "      <td>rFeBbEEyk dl ne7zV5fDrmiq1oK09wV7pxqCgIc</td>\n",
              "      <td>16-715-386-3788</td>\n",
              "      <td>l somas sleep. furiously final deposits wake b...</td>\n",
              "    </tr>\n",
              "    <tr>\n",
              "      <th>7</th>\n",
              "      <td>84223</td>\n",
              "      <td>Customer#000084223</td>\n",
              "      <td>594998.0239</td>\n",
              "      <td>528.65</td>\n",
              "      <td>UNITED KINGDOM</td>\n",
              "      <td>nAVZCs6BaWap rrM27N 2qBnzc5WBauxbA</td>\n",
              "      <td>33-442-824-8191</td>\n",
              "      <td>slyly final deposits haggle regular, pending ...</td>\n",
              "    </tr>\n",
              "    <tr>\n",
              "      <th>8</th>\n",
              "      <td>54289</td>\n",
              "      <td>Customer#000054289</td>\n",
              "      <td>585603.3918</td>\n",
              "      <td>5583.02</td>\n",
              "      <td>IRAN</td>\n",
              "      <td>vXCxoCsU0Bad5JQI ,oobkZ</td>\n",
              "      <td>20-834-292-4707</td>\n",
              "      <td>ely special foxes are quickly finally ironic p</td>\n",
              "    </tr>\n",
              "    <tr>\n",
              "      <th>9</th>\n",
              "      <td>39922</td>\n",
              "      <td>Customer#000039922</td>\n",
              "      <td>584878.1134</td>\n",
              "      <td>7321.11</td>\n",
              "      <td>GERMANY</td>\n",
              "      <td>Zgy4s50l2GKN4pLDPBU8m342gIw6R</td>\n",
              "      <td>17-147-757-8036</td>\n",
              "      <td>y final requests. furiously final foxes cajole...</td>\n",
              "    </tr>\n",
              "  </tbody>\n",
              "</table>\n",
              "</div>"
            ],
            "text/plain": [
              "   c_custkey              c_name      revenue c_acctbal  \\\n",
              "0      57040  Customer#000057040  734235.2455    632.87   \n",
              "1     143347  Customer#000143347  721002.6948   2557.47   \n",
              "2      60838  Customer#000060838  679127.3077   2454.77   \n",
              "3     101998  Customer#000101998  637029.5667   3790.89   \n",
              "4     125341  Customer#000125341  633508.0860   4983.51   \n",
              "5      25501  Customer#000025501  620269.7849   7725.04   \n",
              "6     115831  Customer#000115831  596423.8672   5098.10   \n",
              "7      84223  Customer#000084223  594998.0239    528.65   \n",
              "8      54289  Customer#000054289  585603.3918   5583.02   \n",
              "9      39922  Customer#000039922  584878.1134   7321.11   \n",
              "\n",
              "                      n_name                                 c_address  \\\n",
              "0  JAPAN                                                    Eioyzjf4pp   \n",
              "1  EGYPT                                                   1aReFYv,Kw4   \n",
              "2  BRAZIL                                 64EaJ5vMAHWJlBOxJklpNc2RJiWE   \n",
              "3  UNITED KINGDOM                                    01c9CILnNtfOQYmZj   \n",
              "4  GERMANY                                    S29ODD6bceU8QSuuEJznkNaK   \n",
              "5  ETHIOPIA                         W556MXuoiaYCCZamJI,Rn0B4ACUGdkQ8DZ   \n",
              "6  FRANCE                     rFeBbEEyk dl ne7zV5fDrmiq1oK09wV7pxqCgIc   \n",
              "7  UNITED KINGDOM                   nAVZCs6BaWap rrM27N 2qBnzc5WBauxbA   \n",
              "8  IRAN                                        vXCxoCsU0Bad5JQI ,oobkZ   \n",
              "9  GERMANY                               Zgy4s50l2GKN4pLDPBU8m342gIw6R   \n",
              "\n",
              "           c_phone                                          c_comment  \n",
              "0  22-895-641-3466  sits. slyly regular requests sleep alongside o...  \n",
              "1  14-742-935-3718  ggle carefully enticing requests. final deposi...  \n",
              "2  12-913-494-9813    need to boost against the slyly regular account  \n",
              "3  33-593-865-6378  ress foxes wake slyly after the bold excuses. ...  \n",
              "4  17-582-695-5962  arefully even depths. blithely even excuses sl...  \n",
              "5  15-874-808-6793  he pending instructions wake carefully at the ...  \n",
              "6  16-715-386-3788  l somas sleep. furiously final deposits wake b...  \n",
              "7  33-442-824-8191   slyly final deposits haggle regular, pending ...  \n",
              "8  20-834-292-4707     ely special foxes are quickly finally ironic p  \n",
              "9  17-147-757-8036  y final requests. furiously final foxes cajole...  "
            ]
          },
          "execution_count": 34,
          "metadata": {},
          "output_type": "execute_result"
        }
      ],
      "source": [
        "df_q10 = consultas_tarefa_4(sql_q10)\n",
        "df_q10"
      ]
    },
    {
      "cell_type": "markdown",
      "metadata": {},
      "source": [
        "#### Consulta 12"
      ]
    },
    {
      "cell_type": "code",
      "execution_count": 35,
      "metadata": {},
      "outputs": [
        {
          "name": "stdout",
          "output_type": "stream",
          "text": [
            "=== PLANO DE EXECUÇÃO E TEMPO (EXPLAIN ANALYZE) ===\n",
            "Finalize GroupAggregate  (cost=209395.16..209641.40 rows=7 width=27) (actual time=805.000..815.977 rows=2 loops=1)\n",
            "  Group Key: lineitem.l_shipmode\n",
            "  ->  Gather Merge  (cost=209395.16..209641.23 rows=14 width=27) (actual time=801.937..815.877 rows=6 loops=1)\n",
            "        Workers Planned: 2\n",
            "        Workers Launched: 2\n",
            "        ->  Partial GroupAggregate  (cost=208395.14..208639.59 rows=7 width=27) (actual time=781.489..783.633 rows=2 loops=3)\n",
            "              Group Key: lineitem.l_shipmode\n",
            "              ->  Sort  (cost=208395.14..208425.69 rows=12219 width=27) (actual time=779.270..780.040 rows=10329 loops=3)\n",
            "                    Sort Key: lineitem.l_shipmode\n",
            "                    Sort Method: quicksort  Memory: 1154kB\n",
            "                    Worker 0:  Sort Method: quicksort  Memory: 1216kB\n",
            "                    Worker 1:  Sort Method: quicksort  Memory: 1204kB\n",
            "                    ->  Parallel Hash Join  (cost=168919.75..207565.66 rows=12219 width=27) (actual time=619.062..773.635 rows=10329 loops=3)\n",
            "                          Hash Cond: (orders.o_orderkey = lineitem.l_orderkey)\n",
            "                          ->  Parallel Seq Scan on orders  (cost=0.00..32345.00 rows=625000 width=20) (actual time=0.029..65.673 rows=500000 loops=3)\n",
            "                          ->  Parallel Hash  (cost=168767.02..168767.02 rows=12219 width=15) (actual time=618.552..618.553 rows=10329 loops=3)\n",
            "                                Buckets: 32768  Batches: 1  Memory Usage: 1760kB\n",
            "                                ->  Parallel Seq Scan on lineitem  (cost=0.00..168767.02 rows=12219 width=15) (actual time=16.765..611.171 rows=10329 loops=3)\n",
            "                                      Filter: ((l_shipmode = ANY ('{MAIL,SHIP}'::bpchar[])) AND (l_commitdate < l_receiptdate) AND (l_shipdate < l_commitdate) AND (l_receiptdate >= '1994-01-01'::date) AND (l_receiptdate < '1995-01-01 00:00:00'::timestamp without time zone))\n",
            "                                      Rows Removed by Filter: 1990076\n",
            "Planning Time: 2.157 ms\n",
            "JIT:\n",
            "  Functions: 57\n",
            "  Options: Inlining false, Optimization false, Expressions true, Deforming true\n",
            "  Timing: Generation 3.852 ms, Inlining 0.000 ms, Optimization 2.514 ms, Emission 47.605 ms, Total 53.972 ms\n",
            "Execution Time: 842.620 ms\n",
            "\n",
            "==================================================\n",
            "\n",
            "=== RESULTADO DA CONSULTA (10 PRIMEIRAS LINHAS) ===\n"
          ]
        },
        {
          "data": {
            "text/html": [
              "<div>\n",
              "<style scoped>\n",
              "    .dataframe tbody tr th:only-of-type {\n",
              "        vertical-align: middle;\n",
              "    }\n",
              "\n",
              "    .dataframe tbody tr th {\n",
              "        vertical-align: top;\n",
              "    }\n",
              "\n",
              "    .dataframe thead th {\n",
              "        text-align: right;\n",
              "    }\n",
              "</style>\n",
              "<table border=\"1\" class=\"dataframe\">\n",
              "  <thead>\n",
              "    <tr style=\"text-align: right;\">\n",
              "      <th></th>\n",
              "      <th>l_shipmode</th>\n",
              "      <th>high_line_count</th>\n",
              "      <th>low_line_count</th>\n",
              "    </tr>\n",
              "  </thead>\n",
              "  <tbody>\n",
              "    <tr>\n",
              "      <th>0</th>\n",
              "      <td>MAIL</td>\n",
              "      <td>6202</td>\n",
              "      <td>9324</td>\n",
              "    </tr>\n",
              "    <tr>\n",
              "      <th>1</th>\n",
              "      <td>SHIP</td>\n",
              "      <td>6200</td>\n",
              "      <td>9262</td>\n",
              "    </tr>\n",
              "  </tbody>\n",
              "</table>\n",
              "</div>"
            ],
            "text/plain": [
              "   l_shipmode  high_line_count  low_line_count\n",
              "0  MAIL                   6202            9324\n",
              "1  SHIP                   6200            9262"
            ]
          },
          "execution_count": 35,
          "metadata": {},
          "output_type": "execute_result"
        }
      ],
      "source": [
        "df_q12 = consultas_tarefa_4(sql_q12)\n",
        "df_q12"
      ]
    },
    {
      "cell_type": "markdown",
      "metadata": {
        "id": "H4dzqkMd812g"
      },
      "source": [
        "# Parte 2"
      ]
    },
    {
      "cell_type": "markdown",
      "metadata": {
        "id": "wA0KJcoa9AAM"
      },
      "source": [
        "O objetivo desta parte do trabalho é analisar o comportamento dos índices das tabelas do SGBD através do exame e análise das tabelas de estatísticas para consultas SQL sobre uma tabela criada com dados aleatórios."
      ]
    },
    {
      "cell_type": "code",
      "execution_count": null,
      "metadata": {
        "id": "ZxGzZwZY88Dh"
      },
      "outputs": [],
      "source": []
    },
    {
      "cell_type": "markdown",
      "metadata": {
        "id": "LIA2tjbr83sq"
      },
      "source": [
        "# Parte 3"
      ]
    },
    {
      "cell_type": "markdown",
      "metadata": {
        "id": "pQx6vyLl9Dgm"
      },
      "source": [
        "O objetivo desta parte do trabalho é estudar o comportamento dos otimizadores de consulta dos SGBDs através do exame e análise dos planos de execução para consultas SQL sobre tabelas que serão fornecidos. Será bastante utilizado o comando EXPLAIN ANALYZE, que permite visualizar todas as etapas envolvidas no processamento de uma consulta. Usaremos para isso a tabela [“movies”](https://drive.google.com/file/d/1W6wovSsVu4B0OIo_tsSBBHi8WRKQqnat/view?usp=drive_link)."
      ]
    },
    {
      "cell_type": "code",
      "execution_count": null,
      "metadata": {
        "id": "5HqTxq4388Xy"
      },
      "outputs": [],
      "source": []
    },
    {
      "cell_type": "markdown",
      "metadata": {
        "id": "WXXvPdQw85sw"
      },
      "source": [
        "# Parte 4"
      ]
    },
    {
      "cell_type": "markdown",
      "metadata": {
        "id": "Fyfb_jzS9PFN"
      },
      "source": [
        "O objetivo desta parte do trabalho é experimentar estratégias para utilização de transações e níveis de isolamento em SGBDs relacionais. As tarefas envolvem uma simulação de um sistema de reservas de passagem áreas."
      ]
    },
    {
      "cell_type": "code",
      "execution_count": null,
      "metadata": {
        "id": "4b-jab7_8843"
      },
      "outputs": [],
      "source": []
    }
  ],
  "metadata": {
    "colab": {
      "provenance": []
    },
    "kernelspec": {
      "display_name": "venv",
      "language": "python",
      "name": "python3"
    },
    "language_info": {
      "codemirror_mode": {
        "name": "ipython",
        "version": 3
      },
      "file_extension": ".py",
      "mimetype": "text/x-python",
      "name": "python",
      "nbconvert_exporter": "python",
      "pygments_lexer": "ipython3",
      "version": "3.10.12"
    }
  },
  "nbformat": 4,
  "nbformat_minor": 0
}
